Test (2B): basic agreement ...
Server: 1 starting command is 100
2 adding [{1 100}] to log [{0 <nil>}]
0 adding [{1 100}] to log [{0 <nil>}]
leader Server: 1, Time to commit Index: 1
Server: 1, matchIndex: [1 1 1], matchIndexCopy: [1 1 1], nextIndex: [2 1 2], log: [{0 <nil>} {1 100}], currentTerm: 1, majorityIndex : 1
2 commiting 1 in log [{0 <nil>} {1 100}]
0 commiting 1 in log [{0 <nil>} {1 100}]
Server: 2, Command: 100, CommandIndex: 1
Server: 1, Command: 100, CommandIndex: 1
Server: 0, Command: 100, CommandIndex: 1
Server: 1 starting command is 200
0 adding [{1 200}] to log [{0 <nil>} {1 100}]
2 adding [{1 200}] to log [{0 <nil>} {1 100}]
leader Server: 1, Time to commit Index: 2
Server: 1, matchIndex: [2 2 2], matchIndexCopy: [2 2 2], nextIndex: [3 1 3], log: [{0 <nil>} {1 100} {1 200}], currentTerm: 1, majorityIndex : 2
0 commiting 2 in log [{0 <nil>} {1 100} {1 200}]
2 commiting 2 in log [{0 <nil>} {1 100} {1 200}]
Server: 1, Command: 200, CommandIndex: 2
Server: 2, Command: 200, CommandIndex: 2
Server: 0, Command: 200, CommandIndex: 2
Server: 1 starting command is 300
2 adding [{1 300}] to log [{0 <nil>} {1 100} {1 200}]
0 adding [{1 300}] to log [{0 <nil>} {1 100} {1 200}]
leader Server: 1, Time to commit Index: 3
Server: 1, matchIndex: [3 3 3], matchIndexCopy: [3 3 3], nextIndex: [4 1 4], log: [{0 <nil>} {1 100} {1 200} {1 300}], currentTerm: 1, majorityIndex : 3
2 commiting 3 in log [{0 <nil>} {1 100} {1 200} {1 300}]
0 commiting 3 in log [{0 <nil>} {1 100} {1 200} {1 300}]
Server: 0, Command: 300, CommandIndex: 3
Server: 1, Command: 300, CommandIndex: 3
Server: 2, Command: 300, CommandIndex: 3
  ... Passed --   0.3  3   24    7068    3
PASS
ok  	6.824/raft	0.347s
