Server: 0, Time to Commit Index: 0, Highest Log Entry Applied to State Machines: 0
Server: 1, Time to Commit Index: 0, Highest Log Entry Applied to State Machines: 0
Server: 2, Time to Commit Index: 0, Highest Log Entry Applied to State Machines: 0
Test (2B): agreement after follower reconnects ...
Server: 0, Time to Commit Index: 0, Highest Log Entry Applied to State Machines: 0
Server: 1, Time to Commit Index: 0, Highest Log Entry Applied to State Machines: 0
Server: 2, Time to Commit Index: 0, Highest Log Entry Applied to State Machines: 0
Server: 0, Time to Commit Index: 0, Highest Log Entry Applied to State Machines: 0
Server: 1, Time to Commit Index: 0, Highest Log Entry Applied to State Machines: 0
Server: 2, Time to Commit Index: 0, Highest Log Entry Applied to State Machines: 0
Server: 0, Time to Commit Index: 0, Highest Log Entry Applied to State Machines: 0
Server: 1, Time to Commit Index: 0, Highest Log Entry Applied to State Machines: 0
Server: 2, Time to Commit Index: 0, Highest Log Entry Applied to State Machines: 0
Server: 0, Time to Commit Index: 0, Highest Log Entry Applied to State Machines: 0
Server: 1, Time to Commit Index: 0, Highest Log Entry Applied to State Machines: 0
Server: 2, Time to Commit Index: 0, Highest Log Entry Applied to State Machines: 0
Server: 0, Time to Commit Index: 0, Highest Log Entry Applied to State Machines: 0
Server: 1, Time to Commit Index: 0, Highest Log Entry Applied to State Machines: 0
Server: 2, Time to Commit Index: 0, Highest Log Entry Applied to State Machines: 0
Server: 0, Time to Commit Index: 0, Highest Log Entry Applied to State Machines: 0
Server: 1, Time to Commit Index: 0, Highest Log Entry Applied to State Machines: 0
Server: 2, Time to Commit Index: 0, Highest Log Entry Applied to State Machines: 0
Server: 0, Time to Commit Index: 0, Highest Log Entry Applied to State Machines: 0
Server: 1, Time to Commit Index: 0, Highest Log Entry Applied to State Machines: 0
Server: 2, Time to Commit Index: 0, Highest Log Entry Applied to State Machines: 0
Server: 0, Time to Commit Index: 0, Highest Log Entry Applied to State Machines: 0
Server: 1, Time to Commit Index: 0, Highest Log Entry Applied to State Machines: 0
Server: 2, Time to Commit Index: 0, Highest Log Entry Applied to State Machines: 0
Server: 0, Time to Commit Index: 0, Highest Log Entry Applied to State Machines: 0
Server: 1, Time to Commit Index: 0, Highest Log Entry Applied to State Machines: 0
Server: 2, Time to Commit Index: 0, Highest Log Entry Applied to State Machines: 0
Server: 0, Time to Commit Index: 0, Highest Log Entry Applied to State Machines: 0
Server: 1, Time to Commit Index: 0, Highest Log Entry Applied to State Machines: 0
Server: 2, Time to Commit Index: 0, Highest Log Entry Applied to State Machines: 0
Server: 0, Time to Commit Index: 0, Highest Log Entry Applied to State Machines: 0
Server: 1, Time to Commit Index: 0, Highest Log Entry Applied to State Machines: 0
Server: 2, Time to Commit Index: 0, Highest Log Entry Applied to State Machines: 0
Server: 0, Time to Commit Index: 0, Highest Log Entry Applied to State Machines: 0
Server: 1, Time to Commit Index: 0, Highest Log Entry Applied to State Machines: 0
Server: 2, Time to Commit Index: 0, Highest Log Entry Applied to State Machines: 0
Server: 0, Time to Commit Index: 0, Highest Log Entry Applied to State Machines: 0
Server: 1, Time to Commit Index: 0, Highest Log Entry Applied to State Machines: 0
Server: 2, Time to Commit Index: 0, Highest Log Entry Applied to State Machines: 0
Server: 0, Time to Commit Index: 0, Highest Log Entry Applied to State Machines: 0
Server: 1, Time to Commit Index: 0, Highest Log Entry Applied to State Machines: 0
Server: 2, Time to Commit Index: 0, Highest Log Entry Applied to State Machines: 0
Server: 0, Time to Commit Index: 0, Highest Log Entry Applied to State Machines: 0
Server: 1, Time to Commit Index: 0, Highest Log Entry Applied to State Machines: 0
Server: 2, Time to Commit Index: 0, Highest Log Entry Applied to State Machines: 0
Server: 0, Time to Commit Index: 0, Highest Log Entry Applied to State Machines: 0
Server: 1, Time to Commit Index: 0, Highest Log Entry Applied to State Machines: 0
Server: 2, Time to Commit Index: 0, Highest Log Entry Applied to State Machines: 0
Server: 0, Time to Commit Index: 0, Highest Log Entry Applied to State Machines: 0
Server: 1, Time to Commit Index: 0, Highest Log Entry Applied to State Machines: 0
Server: 2, Time to Commit Index: 0, Highest Log Entry Applied to State Machines: 0
Server: 0, Time to Commit Index: 0, Highest Log Entry Applied to State Machines: 0
Server: 1, Time to Commit Index: 0, Highest Log Entry Applied to State Machines: 0
Server: 2, Time to Commit Index: 0, Highest Log Entry Applied to State Machines: 0
Server: 0, Time to Commit Index: 0, Highest Log Entry Applied to State Machines: 0
1 starting command is 101
Server: 1, Time to Commit Index: 0, Highest Log Entry Applied to State Machines: 0
Server: 2, Time to Commit Index: 0, Highest Log Entry Applied to State Machines: 0
Server: 0, Time to Commit Index: 0, Highest Log Entry Applied to State Machines: 0
Server: 1, Time to Commit Index: 0, Highest Log Entry Applied to State Machines: 0
Server: 2, Time to Commit Index: 0, Highest Log Entry Applied to State Machines: 0
Server: 0, Time to Commit Index: 0, Highest Log Entry Applied to State Machines: 0
Server: 1, Time to Commit Index: 0, Highest Log Entry Applied to State Machines: 0
Server: 2, Time to Commit Index: 0, Highest Log Entry Applied to State Machines: 0
Server: 0, Time to Commit Index: 0, Highest Log Entry Applied to State Machines: 0
Server: 1, Time to Commit Index: 0, Highest Log Entry Applied to State Machines: 0
Server: 2, Time to Commit Index: 0, Highest Log Entry Applied to State Machines: 0
Server: 0, Time to Commit Index: 0, Highest Log Entry Applied to State Machines: 0
Server: 1, Time to Commit Index: 0, Highest Log Entry Applied to State Machines: 0
Server: 2, Time to Commit Index: 0, Highest Log Entry Applied to State Machines: 0
Server: 0, Time to Commit Index: 0, Highest Log Entry Applied to State Machines: 0
Server: 1, Time to Commit Index: 0, Highest Log Entry Applied to State Machines: 0
Server: 2, Time to Commit Index: 0, Highest Log Entry Applied to State Machines: 0
Server: 0, Time to Commit Index: 0, Highest Log Entry Applied to State Machines: 0
Server: 1, Time to Commit Index: 0, Highest Log Entry Applied to State Machines: 0
Server: 2, Time to Commit Index: 0, Highest Log Entry Applied to State Machines: 0
Server: 0, Time to Commit Index: 0, Highest Log Entry Applied to State Machines: 0
Server: 1, Time to Commit Index: 0, Highest Log Entry Applied to State Machines: 0
Server: 2, Time to Commit Index: 0, Highest Log Entry Applied to State Machines: 0
Server: 0, Time to Commit Index: 0, Highest Log Entry Applied to State Machines: 0
Server: 1, Time to Commit Index: 0, Highest Log Entry Applied to State Machines: 0
Server: 2, Time to Commit Index: 0, Highest Log Entry Applied to State Machines: 0
Server: 0, Time to Commit Index: 0, Highest Log Entry Applied to State Machines: 0
Server: 1, Time to Commit Index: 0, Highest Log Entry Applied to State Machines: 0
Server: 2, Time to Commit Index: 0, Highest Log Entry Applied to State Machines: 0
Server: 0, Time to Commit Index: 0, Highest Log Entry Applied to State Machines: 0
Server: 1, Time to Commit Index: 0, Highest Log Entry Applied to State Machines: 0
Server: 2, Time to Commit Index: 0, Highest Log Entry Applied to State Machines: 0
Server: 0, Time to Commit Index: 0, Highest Log Entry Applied to State Machines: 0
Server: 1, Time to Commit Index: 0, Highest Log Entry Applied to State Machines: 0
Server: 2, Time to Commit Index: 0, Highest Log Entry Applied to State Machines: 0
Server: 0, Time to Commit Index: 0, Highest Log Entry Applied to State Machines: 0
Server: 1, Time to Commit Index: 0, Highest Log Entry Applied to State Machines: 0
Server: 2, Time to Commit Index: 0, Highest Log Entry Applied to State Machines: 0
Server: 0, Time to Commit Index: 0, Highest Log Entry Applied to State Machines: 0
Server: 1, Time to Commit Index: 0, Highest Log Entry Applied to State Machines: 0
Server: 2, Time to Commit Index: 0, Highest Log Entry Applied to State Machines: 0
Server: 0, Time to Commit Index: 0, Highest Log Entry Applied to State Machines: 0
Server: 1, Time to Commit Index: 0, Highest Log Entry Applied to State Machines: 0
Server: 2, Time to Commit Index: 0, Highest Log Entry Applied to State Machines: 0
Server: 0, Time to Commit Index: 0, Highest Log Entry Applied to State Machines: 0
Server: 1, Time to Commit Index: 0, Highest Log Entry Applied to State Machines: 0
Server: 2, Time to Commit Index: 0, Highest Log Entry Applied to State Machines: 0
Server: 0, Time to Commit Index: 0, Highest Log Entry Applied to State Machines: 0
Server: 1, Time to Commit Index: 0, Highest Log Entry Applied to State Machines: 0
Server: 2, Time to Commit Index: 0, Highest Log Entry Applied to State Machines: 0
Server: 0, Time to Commit Index: 0, Highest Log Entry Applied to State Machines: 0
Server: 1, Time to Commit Index: 0, Highest Log Entry Applied to State Machines: 0
Server: 2, Time to Commit Index: 0, Highest Log Entry Applied to State Machines: 0
Server: 0, Time to Commit Index: 0, Highest Log Entry Applied to State Machines: 0
Server: 1, Time to Commit Index: 0, Highest Log Entry Applied to State Machines: 0
Server: 2, Time to Commit Index: 0, Highest Log Entry Applied to State Machines: 0
Server: 0, Time to Commit Index: 0, Highest Log Entry Applied to State Machines: 0
Server: 1, Time to Commit Index: 0, Highest Log Entry Applied to State Machines: 0
Server: 2, Time to Commit Index: 0, Highest Log Entry Applied to State Machines: 0
Server: 0, Time to Commit Index: 0, Highest Log Entry Applied to State Machines: 0
Server: 1, Time to Commit Index: 0, Highest Log Entry Applied to State Machines: 0
Server: 2, Time to Commit Index: 0, Highest Log Entry Applied to State Machines: 0
Server: 0, Time to Commit Index: 0, Highest Log Entry Applied to State Machines: 0
Server: 1, Time to Commit Index: 0, Highest Log Entry Applied to State Machines: 0
Server: 2, Time to Commit Index: 0, Highest Log Entry Applied to State Machines: 0
Server: 0, Time to Commit Index: 0, Highest Log Entry Applied to State Machines: 0
Server: 1, Time to Commit Index: 0, Highest Log Entry Applied to State Machines: 0
Server: 2, Time to Commit Index: 0, Highest Log Entry Applied to State Machines: 0
Server: 0, Time to Commit Index: 0, Highest Log Entry Applied to State Machines: 0
Server: 1, Time to Commit Index: 0, Highest Log Entry Applied to State Machines: 0
Server: 2, Time to Commit Index: 0, Highest Log Entry Applied to State Machines: 0
Server: 0, Time to Commit Index: 0, Highest Log Entry Applied to State Machines: 0
Server: 1, Time to Commit Index: 0, Highest Log Entry Applied to State Machines: 0
Server: 2, Time to Commit Index: 0, Highest Log Entry Applied to State Machines: 0
Server: 0, Time to Commit Index: 0, Highest Log Entry Applied to State Machines: 0
Server: 1, Time to Commit Index: 0, Highest Log Entry Applied to State Machines: 0
Server: 2, Time to Commit Index: 0, Highest Log Entry Applied to State Machines: 0
Server: 0, Time to Commit Index: 0, Highest Log Entry Applied to State Machines: 0
Server: 1, Time to Commit Index: 0, Highest Log Entry Applied to State Machines: 0
Server: 2, Time to Commit Index: 0, Highest Log Entry Applied to State Machines: 0
Server: 0, Time to Commit Index: 0, Highest Log Entry Applied to State Machines: 0
Server: 1, Time to Commit Index: 0, Highest Log Entry Applied to State Machines: 0
Server: 2, Time to Commit Index: 0, Highest Log Entry Applied to State Machines: 0
Server: 0, Time to Commit Index: 0, Highest Log Entry Applied to State Machines: 0
Server: 1, Time to Commit Index: 0, Highest Log Entry Applied to State Machines: 0
Server: 2, Time to Commit Index: 0, Highest Log Entry Applied to State Machines: 0
Server: 0, Time to Commit Index: 0, Highest Log Entry Applied to State Machines: 0
Server: 1, Time to Commit Index: 0, Highest Log Entry Applied to State Machines: 0
Server: 2, Time to Commit Index: 0, Highest Log Entry Applied to State Machines: 0
Server: 0, Time to Commit Index: 0, Highest Log Entry Applied to State Machines: 0
Server: 1, Time to Commit Index: 0, Highest Log Entry Applied to State Machines: 0
Server: 2, Time to Commit Index: 0, Highest Log Entry Applied to State Machines: 0
Server: 0, Time to Commit Index: 0, Highest Log Entry Applied to State Machines: 0
Server: 1, Time to Commit Index: 0, Highest Log Entry Applied to State Machines: 0
Server: 2, Time to Commit Index: 0, Highest Log Entry Applied to State Machines: 0
Server: 0, Time to Commit Index: 0, Highest Log Entry Applied to State Machines: 0
Server: 1, Time to Commit Index: 0, Highest Log Entry Applied to State Machines: 0
Server: 2, Time to Commit Index: 0, Highest Log Entry Applied to State Machines: 0
Server: 0, Time to Commit Index: 0, Highest Log Entry Applied to State Machines: 0
Server: 1, Time to Commit Index: 0, Highest Log Entry Applied to State Machines: 0
Server: 2, Time to Commit Index: 0, Highest Log Entry Applied to State Machines: 0
Server: 0, Time to Commit Index: 0, Highest Log Entry Applied to State Machines: 0
Server: 1, Time to Commit Index: 0, Highest Log Entry Applied to State Machines: 0
Server: 2, Time to Commit Index: 0, Highest Log Entry Applied to State Machines: 0
Server: 0, Time to Commit Index: 0, Highest Log Entry Applied to State Machines: 0
Server: 1, Time to Commit Index: 0, Highest Log Entry Applied to State Machines: 0
Server: 2, Time to Commit Index: 0, Highest Log Entry Applied to State Machines: 0
Server: 0, Time to Commit Index: 0, Highest Log Entry Applied to State Machines: 0
Server: 1, Time to Commit Index: 0, Highest Log Entry Applied to State Machines: 0
Server: 2, Time to Commit Index: 0, Highest Log Entry Applied to State Machines: 0
Server: 0, Time to Commit Index: 0, Highest Log Entry Applied to State Machines: 0
Server: 1, Time to Commit Index: 0, Highest Log Entry Applied to State Machines: 0
Server: 2, Time to Commit Index: 0, Highest Log Entry Applied to State Machines: 0
Server: 0, Time to Commit Index: 0, Highest Log Entry Applied to State Machines: 0
Server: 1, Time to Commit Index: 0, Highest Log Entry Applied to State Machines: 0
Server: 2, Time to Commit Index: 0, Highest Log Entry Applied to State Machines: 0
Server: 0, Time to Commit Index: 0, Highest Log Entry Applied to State Machines: 0
Server: 1, Time to Commit Index: 0, Highest Log Entry Applied to State Machines: 0
Server: 2, Time to Commit Index: 0, Highest Log Entry Applied to State Machines: 0
Server: 0, Time to Commit Index: 0, Highest Log Entry Applied to State Machines: 0
Server: 1, Time to Commit Index: 0, Highest Log Entry Applied to State Machines: 0
Server: 2, Time to Commit Index: 0, Highest Log Entry Applied to State Machines: 0
Server: 0, Time to Commit Index: 0, Highest Log Entry Applied to State Machines: 0
Server: 1, Time to Commit Index: 0, Highest Log Entry Applied to State Machines: 0
Server: 2, Time to Commit Index: 0, Highest Log Entry Applied to State Machines: 0
Server: 0, Time to Commit Index: 0, Highest Log Entry Applied to State Machines: 0
Server: 1, Time to Commit Index: 0, Highest Log Entry Applied to State Machines: 0
Server: 2, Time to Commit Index: 0, Highest Log Entry Applied to State Machines: 0
Server: 0, Time to Commit Index: 0, Highest Log Entry Applied to State Machines: 0
Server: 1, Time to Commit Index: 0, Highest Log Entry Applied to State Machines: 0
Server: 2, Time to Commit Index: 0, Highest Log Entry Applied to State Machines: 0
Server: 0, Time to Commit Index: 0, Highest Log Entry Applied to State Machines: 0
Server: 1, Time to Commit Index: 0, Highest Log Entry Applied to State Machines: 0
Server: 2, Time to Commit Index: 0, Highest Log Entry Applied to State Machines: 0
Server: 0, Time to Commit Index: 0, Highest Log Entry Applied to State Machines: 0
Server: 1, Time to Commit Index: 0, Highest Log Entry Applied to State Machines: 0
Server: 2, Time to Commit Index: 0, Highest Log Entry Applied to State Machines: 0
Server: 0, Time to Commit Index: 0, Highest Log Entry Applied to State Machines: 0
Server: 1, Time to Commit Index: 0, Highest Log Entry Applied to State Machines: 0
Server: 2, Time to Commit Index: 0, Highest Log Entry Applied to State Machines: 0
Server: 0, Time to Commit Index: 0, Highest Log Entry Applied to State Machines: 0
Server: 1, Time to Commit Index: 0, Highest Log Entry Applied to State Machines: 0
Server: 2, Time to Commit Index: 0, Highest Log Entry Applied to State Machines: 0
Server: 0, Time to Commit Index: 0, Highest Log Entry Applied to State Machines: 0
Server: 1, Time to Commit Index: 0, Highest Log Entry Applied to State Machines: 0
Server: 2, Time to Commit Index: 0, Highest Log Entry Applied to State Machines: 0
Server: 0, Time to Commit Index: 0, Highest Log Entry Applied to State Machines: 0
Server: 1, Time to Commit Index: 0, Highest Log Entry Applied to State Machines: 0
Server: 2, Time to Commit Index: 0, Highest Log Entry Applied to State Machines: 0
Server: 0, Time to Commit Index: 0, Highest Log Entry Applied to State Machines: 0
Server: 1, Time to Commit Index: 0, Highest Log Entry Applied to State Machines: 0
Server: 2, Time to Commit Index: 0, Highest Log Entry Applied to State Machines: 0
Server: 0, Time to Commit Index: 0, Highest Log Entry Applied to State Machines: 0
Server: 1, Time to Commit Index: 0, Highest Log Entry Applied to State Machines: 0
Server: 2, Time to Commit Index: 0, Highest Log Entry Applied to State Machines: 0
Server: 0, Time to Commit Index: 0, Highest Log Entry Applied to State Machines: 0
Server: 1, Time to Commit Index: 0, Highest Log Entry Applied to State Machines: 0
Server: 2, Time to Commit Index: 0, Highest Log Entry Applied to State Machines: 0
Server: 0, Time to Commit Index: 0, Highest Log Entry Applied to State Machines: 0
Server: 1, Time to Commit Index: 0, Highest Log Entry Applied to State Machines: 0
Server: 2, Time to Commit Index: 0, Highest Log Entry Applied to State Machines: 0
Server: 0, Time to Commit Index: 0, Highest Log Entry Applied to State Machines: 0
Server: 1, Time to Commit Index: 0, Highest Log Entry Applied to State Machines: 0
Server: 2, Time to Commit Index: 0, Highest Log Entry Applied to State Machines: 0
Server: 0, Time to Commit Index: 0, Highest Log Entry Applied to State Machines: 0
Server: 1, Time to Commit Index: 0, Highest Log Entry Applied to State Machines: 0
Server: 2, Time to Commit Index: 0, Highest Log Entry Applied to State Machines: 0
Server: 0, Time to Commit Index: 0, Highest Log Entry Applied to State Machines: 0
Server: 1, Time to Commit Index: 0, Highest Log Entry Applied to State Machines: 0
Server: 2, Time to Commit Index: 0, Highest Log Entry Applied to State Machines: 0
Server: 0, Time to Commit Index: 0, Highest Log Entry Applied to State Machines: 0
Server: 1, Time to Commit Index: 0, Highest Log Entry Applied to State Machines: 0
Server: 2, Time to Commit Index: 0, Highest Log Entry Applied to State Machines: 0
Server: 0, Time to Commit Index: 0, Highest Log Entry Applied to State Machines: 0
Server: 1, Time to Commit Index: 0, Highest Log Entry Applied to State Machines: 0
Server: 2, Time to Commit Index: 0, Highest Log Entry Applied to State Machines: 0
Server: 0, Time to Commit Index: 0, Highest Log Entry Applied to State Machines: 0
Server: 1, Time to Commit Index: 0, Highest Log Entry Applied to State Machines: 0
Server: 2, Time to Commit Index: 0, Highest Log Entry Applied to State Machines: 0
Server: 0, Time to Commit Index: 0, Highest Log Entry Applied to State Machines: 0
Server: 1, Time to Commit Index: 0, Highest Log Entry Applied to State Machines: 0
Server: 2, Time to Commit Index: 0, Highest Log Entry Applied to State Machines: 0
Server: 0, Time to Commit Index: 0, Highest Log Entry Applied to State Machines: 0
Server: 1, Time to Commit Index: 0, Highest Log Entry Applied to State Machines: 0
Server: 2, Time to Commit Index: 0, Highest Log Entry Applied to State Machines: 0
Server: 0, Time to Commit Index: 0, Highest Log Entry Applied to State Machines: 0
Server: 1, Time to Commit Index: 0, Highest Log Entry Applied to State Machines: 0
Server: 2, Time to Commit Index: 0, Highest Log Entry Applied to State Machines: 0
Server: 0, Time to Commit Index: 0, Highest Log Entry Applied to State Machines: 0
Server: 1, Time to Commit Index: 0, Highest Log Entry Applied to State Machines: 0
Server: 2, Time to Commit Index: 0, Highest Log Entry Applied to State Machines: 0
Server: 0, Time to Commit Index: 0, Highest Log Entry Applied to State Machines: 0
Server: 1, Time to Commit Index: 0, Highest Log Entry Applied to State Machines: 0
Server: 2, Time to Commit Index: 0, Highest Log Entry Applied to State Machines: 0
Server: 0, Time to Commit Index: 0, Highest Log Entry Applied to State Machines: 0
Server: 1, Time to Commit Index: 0, Highest Log Entry Applied to State Machines: 0
Server: 2, Time to Commit Index: 0, Highest Log Entry Applied to State Machines: 0
Server: 0, Time to Commit Index: 0, Highest Log Entry Applied to State Machines: 0
Server: 1, Time to Commit Index: 0, Highest Log Entry Applied to State Machines: 0
Server: 2, Time to Commit Index: 0, Highest Log Entry Applied to State Machines: 0
Server: 0, Time to Commit Index: 0, Highest Log Entry Applied to State Machines: 0
matchIndex: [0 0 0], matchIndexCopy: [0 0 0], nextIndex: [1 1 1], log: [{0 <nil>}], currentTerm: 4
PreviousLogIndex arg: 0, PrevLogTerm arg: 0
Entries:[], Next Log Entry Index: 1
Sending Heartbeat Args: {4 2 0 0 [] 0}, Log State: [{0 <nil>}]
PreviousLogIndex arg: 0, PrevLogTerm arg: 0
Entries:[], Next Log Entry Index: 1
Server: 1, Time to Commit Index: 0, Highest Log Entry Applied to State Machines: 0
Sending Heartbeat Args: {4 2 0 0 [] 0}, Log State: [{0 <nil>}]
Server: 0, Time to Commit Index: 0, Highest Log Entry Applied to State Machines: 0
Successful RPC
Server: 2, Time to Commit Index: 0, Highest Log Entry Applied to State Machines: 0
Successful RPC
Server: 1, Time to Commit Index: 0, Highest Log Entry Applied to State Machines: 0
Server: 0, Time to Commit Index: 0, Highest Log Entry Applied to State Machines: 0
Server: 2, Time to Commit Index: 0, Highest Log Entry Applied to State Machines: 0
Server: 1, Time to Commit Index: 0, Highest Log Entry Applied to State Machines: 0
Server: 0, Time to Commit Index: 0, Highest Log Entry Applied to State Machines: 0
Server: 2, Time to Commit Index: 0, Highest Log Entry Applied to State Machines: 0
Server: 1, Time to Commit Index: 0, Highest Log Entry Applied to State Machines: 0
Server: 0, Time to Commit Index: 0, Highest Log Entry Applied to State Machines: 0
Server: 2, Time to Commit Index: 0, Highest Log Entry Applied to State Machines: 0
Server: 1, Time to Commit Index: 0, Highest Log Entry Applied to State Machines: 0
Server: 0, Time to Commit Index: 0, Highest Log Entry Applied to State Machines: 0
Server: 2, Time to Commit Index: 0, Highest Log Entry Applied to State Machines: 0
Server: 1, Time to Commit Index: 0, Highest Log Entry Applied to State Machines: 0
Server: 0, Time to Commit Index: 0, Highest Log Entry Applied to State Machines: 0
Server: 2, Time to Commit Index: 0, Highest Log Entry Applied to State Machines: 0
Server: 1, Time to Commit Index: 0, Highest Log Entry Applied to State Machines: 0
Server: 0, Time to Commit Index: 0, Highest Log Entry Applied to State Machines: 0
Server: 2, Time to Commit Index: 0, Highest Log Entry Applied to State Machines: 0
Server: 1, Time to Commit Index: 0, Highest Log Entry Applied to State Machines: 0
Server: 0, Time to Commit Index: 0, Highest Log Entry Applied to State Machines: 0
Server: 2, Time to Commit Index: 0, Highest Log Entry Applied to State Machines: 0
Server: 1, Time to Commit Index: 0, Highest Log Entry Applied to State Machines: 0
Server: 0, Time to Commit Index: 0, Highest Log Entry Applied to State Machines: 0
Server: 2, Time to Commit Index: 0, Highest Log Entry Applied to State Machines: 0
Server: 1, Time to Commit Index: 0, Highest Log Entry Applied to State Machines: 0
Server: 0, Time to Commit Index: 0, Highest Log Entry Applied to State Machines: 0
matchIndex: [0 0 0], matchIndexCopy: [0 0 0], nextIndex: [1 1 1], log: [{0 <nil>}], currentTerm: 4
PreviousLogIndex arg: 0, PrevLogTerm arg: 0
Entries:[], Next Log Entry Index: 1
Sending Heartbeat Args: {4 2 0 0 [] 0}, Log State: [{0 <nil>}]
PreviousLogIndex arg: 0, PrevLogTerm arg: 0
Entries:[], Next Log Entry Index: 1
Sending Heartbeat Args: {4 2 0 0 [] 0}, Log State: [{0 <nil>}]
Server: 1, Time to Commit Index: 0, Highest Log Entry Applied to State Machines: 0
Server: 2, Time to Commit Index: 0, Highest Log Entry Applied to State Machines: 0
Successful RPC
Server: 0, Time to Commit Index: 0, Highest Log Entry Applied to State Machines: 0
Successful RPC
Server: 1, Time to Commit Index: 0, Highest Log Entry Applied to State Machines: 0
Server: 2, Time to Commit Index: 0, Highest Log Entry Applied to State Machines: 0
Server: 0, Time to Commit Index: 0, Highest Log Entry Applied to State Machines: 0
Server: 1, Time to Commit Index: 0, Highest Log Entry Applied to State Machines: 0
Server: 2, Time to Commit Index: 0, Highest Log Entry Applied to State Machines: 0
Server: 0, Time to Commit Index: 0, Highest Log Entry Applied to State Machines: 0
Server: 1, Time to Commit Index: 0, Highest Log Entry Applied to State Machines: 0
Server: 0, Time to Commit Index: 0, Highest Log Entry Applied to State Machines: 0
Server: 2, Time to Commit Index: 0, Highest Log Entry Applied to State Machines: 0
Server: 1, Time to Commit Index: 0, Highest Log Entry Applied to State Machines: 0
Server: 2, Time to Commit Index: 0, Highest Log Entry Applied to State Machines: 0
Server: 0, Time to Commit Index: 0, Highest Log Entry Applied to State Machines: 0
Server: 1, Time to Commit Index: 0, Highest Log Entry Applied to State Machines: 0
Server: 2, Time to Commit Index: 0, Highest Log Entry Applied to State Machines: 0
Server: 0, Time to Commit Index: 0, Highest Log Entry Applied to State Machines: 0
Server: 1, Time to Commit Index: 0, Highest Log Entry Applied to State Machines: 0
Server: 2, Time to Commit Index: 0, Highest Log Entry Applied to State Machines: 0
Server: 0, Time to Commit Index: 0, Highest Log Entry Applied to State Machines: 0
Server: 1, Time to Commit Index: 0, Highest Log Entry Applied to State Machines: 0
Server: 0, Time to Commit Index: 0, Highest Log Entry Applied to State Machines: 0
Server: 2, Time to Commit Index: 0, Highest Log Entry Applied to State Machines: 0
Server: 1, Time to Commit Index: 0, Highest Log Entry Applied to State Machines: 0
Server: 0, Time to Commit Index: 0, Highest Log Entry Applied to State Machines: 0
Server: 2, Time to Commit Index: 0, Highest Log Entry Applied to State Machines: 0
Server: 1, Time to Commit Index: 0, Highest Log Entry Applied to State Machines: 0
matchIndex: [0 0 0], matchIndexCopy: [0 0 0], nextIndex: [1 1 1], log: [{0 <nil>}], currentTerm: 4
PreviousLogIndex arg: 0, PrevLogTerm arg: 0
Entries:[], Next Log Entry Index: 1
Sending Heartbeat Args: {4 2 0 0 [] 0}, Log State: [{0 <nil>}]
Server: 0, Time to Commit Index: 0, Highest Log Entry Applied to State Machines: 0
PreviousLogIndex arg: 0, PrevLogTerm arg: 0
Entries:[], Next Log Entry Index: 1
Sending Heartbeat Args: {4 2 0 0 [] 0}, Log State: [{0 <nil>}]
Server: 0, Time to Commit Index: 0, Highest Log Entry Applied to State Machines: 0
Server: 1, Time to Commit Index: 0, Highest Log Entry Applied to State Machines: 0
Server: 2, Time to Commit Index: 0, Highest Log Entry Applied to State Machines: 0
Successful RPC
Successful RPC
Server: 0, Time to Commit Index: 0, Highest Log Entry Applied to State Machines: 0
Server: 1, Time to Commit Index: 0, Highest Log Entry Applied to State Machines: 0
Server: 2, Time to Commit Index: 0, Highest Log Entry Applied to State Machines: 0
Server: 0, Time to Commit Index: 0, Highest Log Entry Applied to State Machines: 0
Server: 1, Time to Commit Index: 0, Highest Log Entry Applied to State Machines: 0
Server: 2, Time to Commit Index: 0, Highest Log Entry Applied to State Machines: 0
Server: 0, Time to Commit Index: 0, Highest Log Entry Applied to State Machines: 0
Server: 1, Time to Commit Index: 0, Highest Log Entry Applied to State Machines: 0
Server: 2, Time to Commit Index: 0, Highest Log Entry Applied to State Machines: 0
Server: 0, Time to Commit Index: 0, Highest Log Entry Applied to State Machines: 0
Server: 1, Time to Commit Index: 0, Highest Log Entry Applied to State Machines: 0
Server: 2, Time to Commit Index: 0, Highest Log Entry Applied to State Machines: 0
Server: 0, Time to Commit Index: 0, Highest Log Entry Applied to State Machines: 0
Server: 1, Time to Commit Index: 0, Highest Log Entry Applied to State Machines: 0
Server: 2, Time to Commit Index: 0, Highest Log Entry Applied to State Machines: 0
Server: 0, Time to Commit Index: 0, Highest Log Entry Applied to State Machines: 0
Server: 1, Time to Commit Index: 0, Highest Log Entry Applied to State Machines: 0
Server: 2, Time to Commit Index: 0, Highest Log Entry Applied to State Machines: 0
Server: 0, Time to Commit Index: 0, Highest Log Entry Applied to State Machines: 0
Server: 1, Time to Commit Index: 0, Highest Log Entry Applied to State Machines: 0
Server: 2, Time to Commit Index: 0, Highest Log Entry Applied to State Machines: 0
Server: 0, Time to Commit Index: 0, Highest Log Entry Applied to State Machines: 0
Server: 1, Time to Commit Index: 0, Highest Log Entry Applied to State Machines: 0
Server: 2, Time to Commit Index: 0, Highest Log Entry Applied to State Machines: 0
matchIndex: [0 0 0], matchIndexCopy: [0 0 0], nextIndex: [1 1 1], log: [{0 <nil>}], currentTerm: 4
PreviousLogIndex arg: 0, PrevLogTerm arg: 0
Server: 0, Time to Commit Index: 0, Highest Log Entry Applied to State Machines: 0
Entries:[], Next Log Entry Index: 1
Sending Heartbeat Args: {4 2 0 0 [] 0}, Log State: [{0 <nil>}]
PreviousLogIndex arg: 0, PrevLogTerm arg: 0
Entries:[], Next Log Entry Index: 1
Server: 1, Time to Commit Index: 0, Highest Log Entry Applied to State Machines: 0
Sending Heartbeat Args: {4 2 0 0 [] 0}, Log State: [{0 <nil>}]
Successful RPC
Successful RPC
Server: 0, Time to Commit Index: 0, Highest Log Entry Applied to State Machines: 0
Server: 2, Time to Commit Index: 0, Highest Log Entry Applied to State Machines: 0
Server: 1, Time to Commit Index: 0, Highest Log Entry Applied to State Machines: 0
Server: 2, Time to Commit Index: 0, Highest Log Entry Applied to State Machines: 0
Server: 0, Time to Commit Index: 0, Highest Log Entry Applied to State Machines: 0
Server: 1, Time to Commit Index: 0, Highest Log Entry Applied to State Machines: 0
Server: 0, Time to Commit Index: 0, Highest Log Entry Applied to State Machines: 0
Server: 2, Time to Commit Index: 0, Highest Log Entry Applied to State Machines: 0
Server: 1, Time to Commit Index: 0, Highest Log Entry Applied to State Machines: 0
Server: 0, Time to Commit Index: 0, Highest Log Entry Applied to State Machines: 0
Server: 2, Time to Commit Index: 0, Highest Log Entry Applied to State Machines: 0
Server: 1, Time to Commit Index: 0, Highest Log Entry Applied to State Machines: 0
Server: 2, Time to Commit Index: 0, Highest Log Entry Applied to State Machines: 0
Server: 0, Time to Commit Index: 0, Highest Log Entry Applied to State Machines: 0
Server: 1, Time to Commit Index: 0, Highest Log Entry Applied to State Machines: 0
Server: 2, Time to Commit Index: 0, Highest Log Entry Applied to State Machines: 0
Server: 0, Time to Commit Index: 0, Highest Log Entry Applied to State Machines: 0
Server: 1, Time to Commit Index: 0, Highest Log Entry Applied to State Machines: 0
Server: 2, Time to Commit Index: 0, Highest Log Entry Applied to State Machines: 0
Server: 0, Time to Commit Index: 0, Highest Log Entry Applied to State Machines: 0
Server: 1, Time to Commit Index: 0, Highest Log Entry Applied to State Machines: 0
Server: 0, Time to Commit Index: 0, Highest Log Entry Applied to State Machines: 0
Server: 2, Time to Commit Index: 0, Highest Log Entry Applied to State Machines: 0
Server: 1, Time to Commit Index: 0, Highest Log Entry Applied to State Machines: 0
Server: 0, Time to Commit Index: 0, Highest Log Entry Applied to State Machines: 0
Server: 2, Time to Commit Index: 0, Highest Log Entry Applied to State Machines: 0
Server: 1, Time to Commit Index: 0, Highest Log Entry Applied to State Machines: 0
matchIndex: [0 0 0], matchIndexCopy: [0 0 0], nextIndex: [1 1 1], log: [{0 <nil>}], currentTerm: 4
Server: 0, Time to Commit Index: 0, Highest Log Entry Applied to State Machines: 0
PreviousLogIndex arg: 0, PrevLogTerm arg: 0
Entries:[], Next Log Entry Index: 1
Sending Heartbeat Args: {4 2 0 0 [] 0}, Log State: [{0 <nil>}]
PreviousLogIndex arg: 0, PrevLogTerm arg: 0
Entries:[], Next Log Entry Index: 1
Sending Heartbeat Args: {4 2 0 0 [] 0}, Log State: [{0 <nil>}]
Server: 1, Time to Commit Index: 0, Highest Log Entry Applied to State Machines: 0
Server: 2, Time to Commit Index: 0, Highest Log Entry Applied to State Machines: 0
Server: 0, Time to Commit Index: 0, Highest Log Entry Applied to State Machines: 0
Successful RPC
Successful RPC
Server: 1, Time to Commit Index: 0, Highest Log Entry Applied to State Machines: 0
Server: 2, Time to Commit Index: 0, Highest Log Entry Applied to State Machines: 0
Server: 0, Time to Commit Index: 0, Highest Log Entry Applied to State Machines: 0
Server: 1, Time to Commit Index: 0, Highest Log Entry Applied to State Machines: 0
Server: 2, Time to Commit Index: 0, Highest Log Entry Applied to State Machines: 0
Server: 0, Time to Commit Index: 0, Highest Log Entry Applied to State Machines: 0
Server: 1, Time to Commit Index: 0, Highest Log Entry Applied to State Machines: 0
Server: 2, Time to Commit Index: 0, Highest Log Entry Applied to State Machines: 0
Server: 0, Time to Commit Index: 0, Highest Log Entry Applied to State Machines: 0
Server: 1, Time to Commit Index: 0, Highest Log Entry Applied to State Machines: 0
Server: 2, Time to Commit Index: 0, Highest Log Entry Applied to State Machines: 0
Server: 0, Time to Commit Index: 0, Highest Log Entry Applied to State Machines: 0
Server: 1, Time to Commit Index: 0, Highest Log Entry Applied to State Machines: 0
Server: 2, Time to Commit Index: 0, Highest Log Entry Applied to State Machines: 0
Server: 0, Time to Commit Index: 0, Highest Log Entry Applied to State Machines: 0
Server: 1, Time to Commit Index: 0, Highest Log Entry Applied to State Machines: 0
Server: 2, Time to Commit Index: 0, Highest Log Entry Applied to State Machines: 0
Server: 0, Time to Commit Index: 0, Highest Log Entry Applied to State Machines: 0
Server: 1, Time to Commit Index: 0, Highest Log Entry Applied to State Machines: 0
Server: 2, Time to Commit Index: 0, Highest Log Entry Applied to State Machines: 0
Server: 0, Time to Commit Index: 0, Highest Log Entry Applied to State Machines: 0
Server: 1, Time to Commit Index: 0, Highest Log Entry Applied to State Machines: 0
Server: 2, Time to Commit Index: 0, Highest Log Entry Applied to State Machines: 0
Server: 0, Time to Commit Index: 0, Highest Log Entry Applied to State Machines: 0
matchIndex: [0 0 0], matchIndexCopy: [0 0 0], nextIndex: [1 1 1], log: [{0 <nil>}], currentTerm: 4
PreviousLogIndex arg: 0, PrevLogTerm arg: 0
Server: 1, Time to Commit Index: 0, Highest Log Entry Applied to State Machines: 0
Entries:[], Next Log Entry Index: 1
Sending Heartbeat Args: {4 2 0 0 [] 0}, Log State: [{0 <nil>}]
PreviousLogIndex arg: 0, PrevLogTerm arg: 0
Entries:[], Next Log Entry Index: 1
Sending Heartbeat Args: {4 2 0 0 [] 0}, Log State: [{0 <nil>}]
Server: 0, Time to Commit Index: 0, Highest Log Entry Applied to State Machines: 0
Server: 2, Time to Commit Index: 0, Highest Log Entry Applied to State Machines: 0
Successful RPC
Successful RPC
Server: 1, Time to Commit Index: 0, Highest Log Entry Applied to State Machines: 0
Server: 2, Time to Commit Index: 0, Highest Log Entry Applied to State Machines: 0
Server: 0, Time to Commit Index: 0, Highest Log Entry Applied to State Machines: 0
Server: 1, Time to Commit Index: 0, Highest Log Entry Applied to State Machines: 0
Server: 0, Time to Commit Index: 0, Highest Log Entry Applied to State Machines: 0
Server: 2, Time to Commit Index: 0, Highest Log Entry Applied to State Machines: 0
Server: 1, Time to Commit Index: 0, Highest Log Entry Applied to State Machines: 0
Server: 0, Time to Commit Index: 0, Highest Log Entry Applied to State Machines: 0
Server: 2, Time to Commit Index: 0, Highest Log Entry Applied to State Machines: 0
Server: 1, Time to Commit Index: 0, Highest Log Entry Applied to State Machines: 0
Server: 0, Time to Commit Index: 0, Highest Log Entry Applied to State Machines: 0
Server: 2, Time to Commit Index: 0, Highest Log Entry Applied to State Machines: 0
Server: 1, Time to Commit Index: 0, Highest Log Entry Applied to State Machines: 0
Server: 0, Time to Commit Index: 0, Highest Log Entry Applied to State Machines: 0
Server: 2, Time to Commit Index: 0, Highest Log Entry Applied to State Machines: 0
Server: 1, Time to Commit Index: 0, Highest Log Entry Applied to State Machines: 0
Server: 2, Time to Commit Index: 0, Highest Log Entry Applied to State Machines: 0
Server: 0, Time to Commit Index: 0, Highest Log Entry Applied to State Machines: 0
Server: 1, Time to Commit Index: 0, Highest Log Entry Applied to State Machines: 0
Server: 0, Time to Commit Index: 0, Highest Log Entry Applied to State Machines: 0
Server: 2, Time to Commit Index: 0, Highest Log Entry Applied to State Machines: 0
Server: 1, Time to Commit Index: 0, Highest Log Entry Applied to State Machines: 0
Server: 2, Time to Commit Index: 0, Highest Log Entry Applied to State Machines: 0
Server: 0, Time to Commit Index: 0, Highest Log Entry Applied to State Machines: 0
Server: 1, Time to Commit Index: 0, Highest Log Entry Applied to State Machines: 0
Server: 2, Time to Commit Index: 0, Highest Log Entry Applied to State Machines: 0
Server: 0, Time to Commit Index: 0, Highest Log Entry Applied to State Machines: 0
Server: 1, Time to Commit Index: 0, Highest Log Entry Applied to State Machines: 0
matchIndex: [0 0 0], matchIndexCopy: [0 0 0], nextIndex: [1 1 1], log: [{0 <nil>}], currentTerm: 4
PreviousLogIndex arg: 0, PrevLogTerm arg: 0
Entries:[], Next Log Entry Index: 1
Sending Heartbeat Args: {4 2 0 0 [] 0}, Log State: [{0 <nil>}]
PreviousLogIndex arg: 0, PrevLogTerm arg: 0
Entries:[], Next Log Entry Index: 1
Server: 0, Time to Commit Index: 0, Highest Log Entry Applied to State Machines: 0
Sending Heartbeat Args: {4 2 0 0 [] 0}, Log State: [{0 <nil>}]
Successful RPC
Server: 1, Time to Commit Index: 0, Highest Log Entry Applied to State Machines: 0
Server: 2, Time to Commit Index: 0, Highest Log Entry Applied to State Machines: 0
Successful RPC
Server: 0, Time to Commit Index: 0, Highest Log Entry Applied to State Machines: 0
Server: 1, Time to Commit Index: 0, Highest Log Entry Applied to State Machines: 0
Server: 2, Time to Commit Index: 0, Highest Log Entry Applied to State Machines: 0
Server: 0, Time to Commit Index: 0, Highest Log Entry Applied to State Machines: 0
Server: 1, Time to Commit Index: 0, Highest Log Entry Applied to State Machines: 0
Server: 2, Time to Commit Index: 0, Highest Log Entry Applied to State Machines: 0
Server: 0, Time to Commit Index: 0, Highest Log Entry Applied to State Machines: 0
Server: 1, Time to Commit Index: 0, Highest Log Entry Applied to State Machines: 0
Server: 2, Time to Commit Index: 0, Highest Log Entry Applied to State Machines: 0
Server: 0, Time to Commit Index: 0, Highest Log Entry Applied to State Machines: 0
Server: 1, Time to Commit Index: 0, Highest Log Entry Applied to State Machines: 0
Server: 2, Time to Commit Index: 0, Highest Log Entry Applied to State Machines: 0
Server: 0, Time to Commit Index: 0, Highest Log Entry Applied to State Machines: 0
Server: 1, Time to Commit Index: 0, Highest Log Entry Applied to State Machines: 0
Server: 2, Time to Commit Index: 0, Highest Log Entry Applied to State Machines: 0
Server: 0, Time to Commit Index: 0, Highest Log Entry Applied to State Machines: 0
Server: 1, Time to Commit Index: 0, Highest Log Entry Applied to State Machines: 0
Server: 2, Time to Commit Index: 0, Highest Log Entry Applied to State Machines: 0
Server: 0, Time to Commit Index: 0, Highest Log Entry Applied to State Machines: 0
Server: 1, Time to Commit Index: 0, Highest Log Entry Applied to State Machines: 0
Server: 2, Time to Commit Index: 0, Highest Log Entry Applied to State Machines: 0
Server: 0, Time to Commit Index: 0, Highest Log Entry Applied to State Machines: 0
Server: 1, Time to Commit Index: 0, Highest Log Entry Applied to State Machines: 0
Server: 2, Time to Commit Index: 0, Highest Log Entry Applied to State Machines: 0
Server: 0, Time to Commit Index: 0, Highest Log Entry Applied to State Machines: 0
Server: 1, Time to Commit Index: 0, Highest Log Entry Applied to State Machines: 0
Server: 2, Time to Commit Index: 0, Highest Log Entry Applied to State Machines: 0
matchIndex: [0 0 0], matchIndexCopy: [0 0 0], nextIndex: [1 1 1], log: [{0 <nil>}], currentTerm: 4
PreviousLogIndex arg: 0, PrevLogTerm arg: 0
Entries:[], Next Log Entry Index: 1
Sending Heartbeat Args: {4 2 0 0 [] 0}, Log State: [{0 <nil>}]
PreviousLogIndex arg: 0, PrevLogTerm arg: 0
Entries:[], Next Log Entry Index: 1
Sending Heartbeat Args: {4 2 0 0 [] 0}, Log State: [{0 <nil>}]
Server: 0, Time to Commit Index: 0, Highest Log Entry Applied to State Machines: 0
Server: 1, Time to Commit Index: 0, Highest Log Entry Applied to State Machines: 0
Server: 2, Time to Commit Index: 0, Highest Log Entry Applied to State Machines: 0
Successful RPC
Successful RPC
Server: 1, Time to Commit Index: 0, Highest Log Entry Applied to State Machines: 0
Server: 0, Time to Commit Index: 0, Highest Log Entry Applied to State Machines: 0
Server: 2, Time to Commit Index: 0, Highest Log Entry Applied to State Machines: 0
Server: 1, Time to Commit Index: 0, Highest Log Entry Applied to State Machines: 0
Server: 0, Time to Commit Index: 0, Highest Log Entry Applied to State Machines: 0
Server: 2, Time to Commit Index: 0, Highest Log Entry Applied to State Machines: 0
Server: 1, Time to Commit Index: 0, Highest Log Entry Applied to State Machines: 0
Server: 0, Time to Commit Index: 0, Highest Log Entry Applied to State Machines: 0
Server: 2, Time to Commit Index: 0, Highest Log Entry Applied to State Machines: 0
Server: 1, Time to Commit Index: 0, Highest Log Entry Applied to State Machines: 0
Server: 0, Time to Commit Index: 0, Highest Log Entry Applied to State Machines: 0
Server: 2, Time to Commit Index: 0, Highest Log Entry Applied to State Machines: 0
Server: 1, Time to Commit Index: 0, Highest Log Entry Applied to State Machines: 0
Server: 2, Time to Commit Index: 0, Highest Log Entry Applied to State Machines: 0
Server: 0, Time to Commit Index: 0, Highest Log Entry Applied to State Machines: 0
Server: 1, Time to Commit Index: 0, Highest Log Entry Applied to State Machines: 0
Server: 2, Time to Commit Index: 0, Highest Log Entry Applied to State Machines: 0
Server: 0, Time to Commit Index: 0, Highest Log Entry Applied to State Machines: 0
Server: 1, Time to Commit Index: 0, Highest Log Entry Applied to State Machines: 0
Server: 0, Time to Commit Index: 0, Highest Log Entry Applied to State Machines: 0
Server: 2, Time to Commit Index: 0, Highest Log Entry Applied to State Machines: 0
Server: 1, Time to Commit Index: 0, Highest Log Entry Applied to State Machines: 0
Server: 0, Time to Commit Index: 0, Highest Log Entry Applied to State Machines: 0
Server: 2, Time to Commit Index: 0, Highest Log Entry Applied to State Machines: 0
Server: 1, Time to Commit Index: 0, Highest Log Entry Applied to State Machines: 0
Server: 0, Time to Commit Index: 0, Highest Log Entry Applied to State Machines: 0
Server: 2, Time to Commit Index: 0, Highest Log Entry Applied to State Machines: 0
matchIndex: [0 0 0], matchIndexCopy: [0 0 0], nextIndex: [1 1 1], log: [{0 <nil>}], currentTerm: 4
PreviousLogIndex arg: 0, PrevLogTerm arg: 0
Entries:[], Next Log Entry Index: 1
Sending Heartbeat Args: {4 2 0 0 [] 0}, Log State: [{0 <nil>}]
PreviousLogIndex arg: 0, PrevLogTerm arg: 0
Entries:[], Next Log Entry Index: 1
Sending Heartbeat Args: {4 2 0 0 [] 0}, Log State: [{0 <nil>}]
Server: 1, Time to Commit Index: 0, Highest Log Entry Applied to State Machines: 0
Successful RPC
Server: 0, Time to Commit Index: 0, Highest Log Entry Applied to State Machines: 0
Server: 2, Time to Commit Index: 0, Highest Log Entry Applied to State Machines: 0
Successful RPC
Server: 1, Time to Commit Index: 0, Highest Log Entry Applied to State Machines: 0
Server: 2, Time to Commit Index: 0, Highest Log Entry Applied to State Machines: 0
Server: 0, Time to Commit Index: 0, Highest Log Entry Applied to State Machines: 0
Server: 1, Time to Commit Index: 0, Highest Log Entry Applied to State Machines: 0
Server: 2, Time to Commit Index: 0, Highest Log Entry Applied to State Machines: 0
Server: 0, Time to Commit Index: 0, Highest Log Entry Applied to State Machines: 0
Server: 1, Time to Commit Index: 0, Highest Log Entry Applied to State Machines: 0
Server: 2, Time to Commit Index: 0, Highest Log Entry Applied to State Machines: 0
Server: 0, Time to Commit Index: 0, Highest Log Entry Applied to State Machines: 0
Server: 1, Time to Commit Index: 0, Highest Log Entry Applied to State Machines: 0
Server: 2, Time to Commit Index: 0, Highest Log Entry Applied to State Machines: 0
Server: 0, Time to Commit Index: 0, Highest Log Entry Applied to State Machines: 0
Server: 1, Time to Commit Index: 0, Highest Log Entry Applied to State Machines: 0
Server: 2, Time to Commit Index: 0, Highest Log Entry Applied to State Machines: 0
Server: 0, Time to Commit Index: 0, Highest Log Entry Applied to State Machines: 0
Server: 1, Time to Commit Index: 0, Highest Log Entry Applied to State Machines: 0
Server: 2, Time to Commit Index: 0, Highest Log Entry Applied to State Machines: 0
Server: 0, Time to Commit Index: 0, Highest Log Entry Applied to State Machines: 0
Server: 1, Time to Commit Index: 0, Highest Log Entry Applied to State Machines: 0
Server: 2, Time to Commit Index: 0, Highest Log Entry Applied to State Machines: 0
Server: 0, Time to Commit Index: 0, Highest Log Entry Applied to State Machines: 0
Server: 1, Time to Commit Index: 0, Highest Log Entry Applied to State Machines: 0
Server: 2, Time to Commit Index: 0, Highest Log Entry Applied to State Machines: 0
Server: 0, Time to Commit Index: 0, Highest Log Entry Applied to State Machines: 0
Server: 1, Time to Commit Index: 0, Highest Log Entry Applied to State Machines: 0
Server: 2, Time to Commit Index: 0, Highest Log Entry Applied to State Machines: 0
matchIndex: [0 0 0], matchIndexCopy: [0 0 0], nextIndex: [1 1 1], log: [{0 <nil>}], currentTerm: 4
PreviousLogIndex arg: 0, PrevLogTerm arg: 0
Entries:[], Next Log Entry Index: 1
Sending Heartbeat Args: {4 2 0 0 [] 0}, Log State: [{0 <nil>}]
Server: 0, Time to Commit Index: 0, Highest Log Entry Applied to State Machines: 0
PreviousLogIndex arg: 0, PrevLogTerm arg: 0
Entries:[], Next Log Entry Index: 1
Sending Heartbeat Args: {4 2 0 0 [] 0}, Log State: [{0 <nil>}]
Successful RPC
Server: 2, Time to Commit Index: 0, Highest Log Entry Applied to State Machines: 0
Server: 1, Time to Commit Index: 0, Highest Log Entry Applied to State Machines: 0
Server: 0, Time to Commit Index: 0, Highest Log Entry Applied to State Machines: 0
Successful RPC
Server: 2, Time to Commit Index: 0, Highest Log Entry Applied to State Machines: 0
Server: 1, Time to Commit Index: 0, Highest Log Entry Applied to State Machines: 0
Server: 0, Time to Commit Index: 0, Highest Log Entry Applied to State Machines: 0
Server: 2, Time to Commit Index: 0, Highest Log Entry Applied to State Machines: 0
Server: 1, Time to Commit Index: 0, Highest Log Entry Applied to State Machines: 0
Server: 0, Time to Commit Index: 0, Highest Log Entry Applied to State Machines: 0
Server: 2, Time to Commit Index: 0, Highest Log Entry Applied to State Machines: 0
Server: 1, Time to Commit Index: 0, Highest Log Entry Applied to State Machines: 0
Server: 0, Time to Commit Index: 0, Highest Log Entry Applied to State Machines: 0
Server: 2, Time to Commit Index: 0, Highest Log Entry Applied to State Machines: 0
Server: 1, Time to Commit Index: 0, Highest Log Entry Applied to State Machines: 0
Server: 0, Time to Commit Index: 0, Highest Log Entry Applied to State Machines: 0
Server: 2, Time to Commit Index: 0, Highest Log Entry Applied to State Machines: 0
Server: 1, Time to Commit Index: 0, Highest Log Entry Applied to State Machines: 0
Server: 0, Time to Commit Index: 0, Highest Log Entry Applied to State Machines: 0
Server: 2, Time to Commit Index: 0, Highest Log Entry Applied to State Machines: 0
Server: 1, Time to Commit Index: 0, Highest Log Entry Applied to State Machines: 0
Server: 0, Time to Commit Index: 0, Highest Log Entry Applied to State Machines: 0
Server: 2, Time to Commit Index: 0, Highest Log Entry Applied to State Machines: 0
Server: 1, Time to Commit Index: 0, Highest Log Entry Applied to State Machines: 0
Server: 0, Time to Commit Index: 0, Highest Log Entry Applied to State Machines: 0
Server: 2, Time to Commit Index: 0, Highest Log Entry Applied to State Machines: 0
Server: 1, Time to Commit Index: 0, Highest Log Entry Applied to State Machines: 0
Server: 0, Time to Commit Index: 0, Highest Log Entry Applied to State Machines: 0
Server: 2, Time to Commit Index: 0, Highest Log Entry Applied to State Machines: 0
Server: 1, Time to Commit Index: 0, Highest Log Entry Applied to State Machines: 0
matchIndex: [0 0 0], matchIndexCopy: [0 0 0], nextIndex: [1 1 1], log: [{0 <nil>}], currentTerm: 4
PreviousLogIndex arg: 0, PrevLogTerm arg: 0
Entries:[], Next Log Entry Index: 1
Sending Heartbeat Args: {4 2 0 0 [] 0}, Log State: [{0 <nil>}]
Server: 0, Time to Commit Index: 0, Highest Log Entry Applied to State Machines: 0
PreviousLogIndex arg: 0, PrevLogTerm arg: 0
Entries:[], Next Log Entry Index: 1
Sending Heartbeat Args: {4 2 0 0 [] 0}, Log State: [{0 <nil>}]
Server: 1, Time to Commit Index: 0, Highest Log Entry Applied to State Machines: 0
Successful RPC
Server: 2, Time to Commit Index: 0, Highest Log Entry Applied to State Machines: 0
Successful RPC
Server: 0, Time to Commit Index: 0, Highest Log Entry Applied to State Machines: 0
Server: 1, Time to Commit Index: 0, Highest Log Entry Applied to State Machines: 0
Server: 2, Time to Commit Index: 0, Highest Log Entry Applied to State Machines: 0
Server: 0, Time to Commit Index: 0, Highest Log Entry Applied to State Machines: 0
Server: 1, Time to Commit Index: 0, Highest Log Entry Applied to State Machines: 0
Server: 2, Time to Commit Index: 0, Highest Log Entry Applied to State Machines: 0
Server: 0, Time to Commit Index: 0, Highest Log Entry Applied to State Machines: 0
Server: 1, Time to Commit Index: 0, Highest Log Entry Applied to State Machines: 0
Server: 2, Time to Commit Index: 0, Highest Log Entry Applied to State Machines: 0
Server: 0, Time to Commit Index: 0, Highest Log Entry Applied to State Machines: 0
Server: 1, Time to Commit Index: 0, Highest Log Entry Applied to State Machines: 0
Server: 2, Time to Commit Index: 0, Highest Log Entry Applied to State Machines: 0
Server: 0, Time to Commit Index: 0, Highest Log Entry Applied to State Machines: 0
Server: 1, Time to Commit Index: 0, Highest Log Entry Applied to State Machines: 0
Server: 2, Time to Commit Index: 0, Highest Log Entry Applied to State Machines: 0
Server: 0, Time to Commit Index: 0, Highest Log Entry Applied to State Machines: 0
Server: 1, Time to Commit Index: 0, Highest Log Entry Applied to State Machines: 0
Server: 2, Time to Commit Index: 0, Highest Log Entry Applied to State Machines: 0
Server: 0, Time to Commit Index: 0, Highest Log Entry Applied to State Machines: 0
Server: 1, Time to Commit Index: 0, Highest Log Entry Applied to State Machines: 0
Server: 2, Time to Commit Index: 0, Highest Log Entry Applied to State Machines: 0
Server: 0, Time to Commit Index: 0, Highest Log Entry Applied to State Machines: 0
Server: 1, Time to Commit Index: 0, Highest Log Entry Applied to State Machines: 0
Server: 2, Time to Commit Index: 0, Highest Log Entry Applied to State Machines: 0
Server: 0, Time to Commit Index: 0, Highest Log Entry Applied to State Machines: 0
Server: 1, Time to Commit Index: 0, Highest Log Entry Applied to State Machines: 0
Server: 2, Time to Commit Index: 0, Highest Log Entry Applied to State Machines: 0
matchIndex: [0 0 0], matchIndexCopy: [0 0 0], nextIndex: [1 1 1], log: [{0 <nil>}], currentTerm: 4
PreviousLogIndex arg: 0, PrevLogTerm arg: 0
Entries:[], Next Log Entry Index: 1
Sending Heartbeat Args: {4 2 0 0 [] 0}, Log State: [{0 <nil>}]
PreviousLogIndex arg: 0, PrevLogTerm arg: 0
Entries:[], Next Log Entry Index: 1
Sending Heartbeat Args: {4 2 0 0 [] 0}, Log State: [{0 <nil>}]
Server: 0, Time to Commit Index: 0, Highest Log Entry Applied to State Machines: 0
Server: 1, Time to Commit Index: 0, Highest Log Entry Applied to State Machines: 0
Server: 2, Time to Commit Index: 0, Highest Log Entry Applied to State Machines: 0
Successful RPC
Successful RPC
Server: 0, Time to Commit Index: 0, Highest Log Entry Applied to State Machines: 0
Server: 1, Time to Commit Index: 0, Highest Log Entry Applied to State Machines: 0
Server: 2, Time to Commit Index: 0, Highest Log Entry Applied to State Machines: 0
Server: 0, Time to Commit Index: 0, Highest Log Entry Applied to State Machines: 0
Server: 1, Time to Commit Index: 0, Highest Log Entry Applied to State Machines: 0
Server: 2, Time to Commit Index: 0, Highest Log Entry Applied to State Machines: 0
Server: 0, Time to Commit Index: 0, Highest Log Entry Applied to State Machines: 0
Server: 1, Time to Commit Index: 0, Highest Log Entry Applied to State Machines: 0
Server: 2, Time to Commit Index: 0, Highest Log Entry Applied to State Machines: 0
Server: 0, Time to Commit Index: 0, Highest Log Entry Applied to State Machines: 0
Server: 1, Time to Commit Index: 0, Highest Log Entry Applied to State Machines: 0
Server: 2, Time to Commit Index: 0, Highest Log Entry Applied to State Machines: 0
Server: 0, Time to Commit Index: 0, Highest Log Entry Applied to State Machines: 0
Server: 1, Time to Commit Index: 0, Highest Log Entry Applied to State Machines: 0
Server: 2, Time to Commit Index: 0, Highest Log Entry Applied to State Machines: 0
Server: 0, Time to Commit Index: 0, Highest Log Entry Applied to State Machines: 0
Server: 1, Time to Commit Index: 0, Highest Log Entry Applied to State Machines: 0
Server: 2, Time to Commit Index: 0, Highest Log Entry Applied to State Machines: 0
Server: 0, Time to Commit Index: 0, Highest Log Entry Applied to State Machines: 0
Server: 1, Time to Commit Index: 0, Highest Log Entry Applied to State Machines: 0
Server: 2, Time to Commit Index: 0, Highest Log Entry Applied to State Machines: 0
Server: 0, Time to Commit Index: 0, Highest Log Entry Applied to State Machines: 0
--- FAIL: TestFailAgree2B (2.23s)
    config.go:608: one(101) failed to reach agreement
FAIL
exit status 1
FAIL	6.824/raft	2.238s
