Test (2B): no agreement if too many followers disconnect ...
Server: 0 starting command is 10
1 adding [{1 10}] to log [{0 <nil>}]
4 adding [{1 10}] to log [{0 <nil>}]
2 adding [{1 10}] to log [{0 <nil>}]
3 adding [{1 10}] to log [{0 <nil>}]
leader Server: 0, Time to commit Index: 1
Server: 0, matchIndex: [1 1 1 1 1], matchIndexCopy: [1 1 1 1 1], nextIndex: [1 2 2 2 2], log: [{0 <nil>} {1 10}], currentTerm: 1, majorityIndex : 1
Server: 0, Command: 10, CommandIndex: 1
1 commiting 1 in log [{0 <nil>} {1 10}]
4 commiting 1 in log [{0 <nil>} {1 10}]
3 commiting 1 in log [{0 <nil>} {1 10}]
2 commiting 1 in log [{0 <nil>} {1 10}]
Server: 1, Command: 10, CommandIndex: 1
Server: 3, Command: 10, CommandIndex: 1
Server: 2, Command: 10, CommandIndex: 1
Server: 4, Command: 10, CommandIndex: 1
Server: 0 starting command is 20
4 adding [{1 20}] to log [{0 <nil>} {1 10}]
Ser: 1, PrevLogIndex: 2 > Len(Log): 2
Ser: 3, PrevLogIndex: 2 > Len(Log): 2
Ser: 2, PrevLogIndex: 2 > Len(Log): 2
1 adding [{1 20}] to log [{0 <nil>} {1 10}]
2 adding [{1 20}] to log [{0 <nil>} {1 10}]
3 adding [{1 20}] to log [{0 <nil>} {1 10}]
Server: 0 starting command is 30
Server: 0 starting command is 1000
1 adding [{11 30} {11 1000}] to log [{0 <nil>} {1 10} {1 20}]
2 adding [{11 30} {11 1000}] to log [{0 <nil>} {1 10} {1 20}]
4 adding [{11 30} {11 1000}] to log [{0 <nil>} {1 10} {1 20}]
3 adding [{11 30} {11 1000}] to log [{0 <nil>} {1 10} {1 20}]
leader Server: 0, Time to commit Index: 4
Server: 0, matchIndex: [2 4 4 4 4], matchIndexCopy: [2 4 4 4 4], nextIndex: [3 5 5 5 5], log: [{0 <nil>} {1 10} {1 20} {11 30} {11 1000}], currentTerm: 11, majorityIndex : 4
3 commiting 4 in log [{0 <nil>} {1 10} {1 20} {11 30} {11 1000}]
2 commiting 4 in log [{0 <nil>} {1 10} {1 20} {11 30} {11 1000}]
4 commiting 4 in log [{0 <nil>} {1 10} {1 20} {11 30} {11 1000}]
1 commiting 4 in log [{0 <nil>} {1 10} {1 20} {11 30} {11 1000}]
Server: 0, Command: 20, CommandIndex: 2
Server: 3, Command: 20, CommandIndex: 2
Server: 2, Command: 20, CommandIndex: 2
Server: 4, Command: 20, CommandIndex: 2
Server: 1, Command: 20, CommandIndex: 2
Server: 0, Command: 30, CommandIndex: 3
Server: 3, Command: 30, CommandIndex: 3
Server: 2, Command: 30, CommandIndex: 3
Server: 4, Command: 30, CommandIndex: 3
Server: 1, Command: 30, CommandIndex: 3
Server: 0, Command: 1000, CommandIndex: 4
Server: 3, Command: 1000, CommandIndex: 4
Server: 2, Command: 1000, CommandIndex: 4
Server: 4, Command: 1000, CommandIndex: 4
Server: 1, Command: 1000, CommandIndex: 4
  ... Passed --   3.4  5 1308  325163    4
PASS
ok  	6.824/raft	3.436s
