Test (2B): concurrent Start()s ...
Server: 0 starting command is 1 at index 1
Server: 0 starting command is 100 at index 2
Server: 0 starting command is 101 at index 3
Server: 0 starting command is 104 at index 4
Server: 0 starting command is 103 at index 5
Server: 0 starting command is 102 at index 6
2 adding [{1 1} {1 100} {1 101} {1 104} {1 103} {1 102}] to log [{0 <nil>}]
1 adding [{1 1} {1 100} {1 101} {1 104} {1 103} {1 102}] to log [{0 <nil>}]
leader Server: 0, Time to commit Index: 6
Server: 0, matchIndex: [6 6 6], matchIndexCopy: [6 6 6], nextIndex: [1 7 7], log: [{0 <nil>} {1 1} {1 100} {1 101} {1 104} {1 103} {1 102}], currentTerm: 1, majorityIndex : 6
2 commiting 6 in log [{0 <nil>} {1 1} {1 100} {1 101} {1 104} {1 103} {1 102}]
applied Server: 2, Command: 1, CommandIndex: 1
1 commiting 6 in log [{0 <nil>} {1 1} {1 100} {1 101} {1 104} {1 103} {1 102}]
applied Server: 1, Command: 1, CommandIndex: 1
applied Server: 0, Command: 1, CommandIndex: 1
applied Server: 2, Command: 100, CommandIndex: 2
applied Server: 0, Command: 100, CommandIndex: 2
applied Server: 1, Command: 100, CommandIndex: 2
applied Server: 2, Command: 101, CommandIndex: 3
applied Server: 0, Command: 101, CommandIndex: 3
applied Server: 1, Command: 101, CommandIndex: 3
applied Server: 2, Command: 104, CommandIndex: 4
applied Server: 0, Command: 104, CommandIndex: 4
applied Server: 1, Command: 104, CommandIndex: 4
applied Server: 2, Command: 103, CommandIndex: 5
applied Server: 0, Command: 103, CommandIndex: 5
applied Server: 1, Command: 103, CommandIndex: 5
applied Server: 2, Command: 102, CommandIndex: 6
applied Server: 0, Command: 102, CommandIndex: 6
applied Server: 1, Command: 102, CommandIndex: 6
  ... Passed --   0.6  3   72   21208    6
PASS
ok  	6.824/raft	0.649s
