Test (2B): leader backs up quickly over incorrect follower logs ...
Server: 1 starting command is 8921644255367131471
0 adding [{1 8921644255367131471}] to log [{0 <nil>}]
2 adding [{1 8921644255367131471}] to log [{0 <nil>}]
4 adding [{1 8921644255367131471}] to log [{0 <nil>}]
3 adding [{1 8921644255367131471}] to log [{0 <nil>}]
leader Server: 1, Time to commit Index: 1
Server: 1, matchIndex: [1 1 1 1 1], matchIndexCopy: [1 1 1 1 1], nextIndex: [2 1 2 2 2], log: [{0 <nil>} {1 8921644255367131471}], currentTerm: 1, majorityIndex : 1
Server: 1, Command: 8921644255367131471, CommandIndex: 1
0 commiting 1 in log [{0 <nil>} {1 8921644255367131471}]
3 commiting 1 in log [{0 <nil>} {1 8921644255367131471}]
Server: 3, Command: 8921644255367131471, CommandIndex: 1
2 commiting 1 in log [{0 <nil>} {1 8921644255367131471}]
Server: 0, Command: 8921644255367131471, CommandIndex: 1
4 commiting 1 in log [{0 <nil>} {1 8921644255367131471}]
Server: 2, Command: 8921644255367131471, CommandIndex: 1
Server: 4, Command: 8921644255367131471, CommandIndex: 1
Server: 1 starting command is 2997669266027195876
Server: 1 starting command is 991973570500402429
Server: 1 starting command is 7425117757477871428
Server: 1 starting command is 4360543435652837367
Server: 1 starting command is 148962114089557037
Server: 1 starting command is 602400228054179833
Server: 1 starting command is 4172803183277911578
Server: 1 starting command is 4887258034054391992
Server: 1 starting command is 1569823555941837321
Server: 1 starting command is 8365498693714155237
2 adding [{1 2997669266027195876} {1 991973570500402429} {1 7425117757477871428} {1 4360543435652837367} {1 148962114089557037} {1 602400228054179833} {1 4172803183277911578} {1 4887258034054391992} {1 1569823555941837321}] to log [{0 <nil>} {1 8921644255367131471}]
Server: 1 starting command is 2225250219849230069
Server: 1 starting command is 1955787409171109064
Server: 1 starting command is 3205620750368874420
Server: 1 starting command is 6678405737169649361
Server: 1 starting command is 2695810562857550069
Server: 1 starting command is 5629903442572028917
Server: 1 starting command is 7862337008230626286
2 adding [{1 8365498693714155237} {1 2225250219849230069} {1 1955787409171109064} {1 3205620750368874420} {1 6678405737169649361}] to log [{0 <nil>} {1 8921644255367131471} {1 2997669266027195876} {1 991973570500402429} {1 7425117757477871428} {1 4360543435652837367} {1 148962114089557037} {1 602400228054179833} {1 4172803183277911578} {1 4887258034054391992} {1 1569823555941837321}]
Server: 1 starting command is 7848230111078416657
Server: 1 starting command is 1259532632822358724
Server: 1 starting command is 2601868864139779940
Server: 1 starting command is 4967999264366496058
2 adding [{1 2695810562857550069} {1 5629903442572028917} {1 7862337008230626286} {1 7848230111078416657} {1 1259532632822358724}] to log [{0 <nil>} {1 8921644255367131471} {1 2997669266027195876} {1 991973570500402429} {1 7425117757477871428} {1 4360543435652837367} {1 148962114089557037} {1 602400228054179833} {1 4172803183277911578} {1 4887258034054391992} {1 1569823555941837321} {1 8365498693714155237} {1 2225250219849230069} {1 1955787409171109064} {1 3205620750368874420} {1 6678405737169649361}]
Server: 1 starting command is 8972763868840232561
Server: 1 starting command is 2991116599185468790
Server: 1 starting command is 3328321020337934845
Server: 1 starting command is 9095969682277853963
Server: 1 starting command is 8732055210586716948
Server: 1 starting command is 3178539314250378741
2 adding [{1 2601868864139779940} {1 4967999264366496058} {1 8972763868840232561} {1 2991116599185468790} {1 3328321020337934845}] to log [{0 <nil>} {1 8921644255367131471} {1 2997669266027195876} {1 991973570500402429} {1 7425117757477871428} {1 4360543435652837367} {1 148962114089557037} {1 602400228054179833} {1 4172803183277911578} {1 4887258034054391992} {1 1569823555941837321} {1 8365498693714155237} {1 2225250219849230069} {1 1955787409171109064} {1 3205620750368874420} {1 6678405737169649361} {1 2695810562857550069} {1 5629903442572028917} {1 7862337008230626286} {1 7848230111078416657} {1 1259532632822358724}]
Server: 1 starting command is 114780375002440329
Server: 1 starting command is 1265453202334737513
Server: 1 starting command is 3848896391141214707
Server: 1 starting command is 2872269949704812798
Server: 1 starting command is 8625516408918855030
Server: 1 starting command is 8113351726060171942
Server: 1 starting command is 7961703663358252066
2 adding [{1 9095969682277853963} {1 8732055210586716948} {1 3178539314250378741} {1 114780375002440329} {1 1265453202334737513}] to log [{0 <nil>} {1 8921644255367131471} {1 2997669266027195876} {1 991973570500402429} {1 7425117757477871428} {1 4360543435652837367} {1 148962114089557037} {1 602400228054179833} {1 4172803183277911578} {1 4887258034054391992} {1 1569823555941837321} {1 8365498693714155237} {1 2225250219849230069} {1 1955787409171109064} {1 3205620750368874420} {1 6678405737169649361} {1 2695810562857550069} {1 5629903442572028917} {1 7862337008230626286} {1 7848230111078416657} {1 1259532632822358724} {1 2601868864139779940} {1 4967999264366496058} {1 8972763868840232561} {1 2991116599185468790} {1 3328321020337934845}]
Server: 1 starting command is 7115683250196120054
Server: 1 starting command is 2440842049917096916
Server: 1 starting command is 8439441465592983479
Server: 1 starting command is 2843118353952145701
Server: 1 starting command is 1459433465701414703
Server: 1 starting command is 4713346825050754292
Server: 1 starting command is 754344347214915224
Server: 1 starting command is 8148258008896889610
Server: 1 starting command is 2672550235045312055
Server: 1 starting command is 2291826398632756093
Server: 1 starting command is 7848484669708131300
Server: 1 starting command is 4572342799664159046
Server: 1 starting command is 9058651875261367209
Server: 1 starting command is 2831363489119843406
Server: 1 starting command is 5982870033121343905
Server: 1 starting command is 4303147301366317094
2 adding [{1 3848896391141214707} {1 2872269949704812798} {1 8625516408918855030} {1 8113351726060171942} {1 7961703663358252066} {1 7115683250196120054} {1 2440842049917096916} {1 8439441465592983479} {1 2843118353952145701} {1 1459433465701414703} {1 4713346825050754292} {1 754344347214915224} {1 8148258008896889610} {1 2672550235045312055} {1 2291826398632756093} {1 7848484669708131300} {1 4572342799664159046} {1 9058651875261367209} {1 2831363489119843406}] to log [{0 <nil>} {1 8921644255367131471} {1 2997669266027195876} {1 991973570500402429} {1 7425117757477871428} {1 4360543435652837367} {1 148962114089557037} {1 602400228054179833} {1 4172803183277911578} {1 4887258034054391992} {1 1569823555941837321} {1 8365498693714155237} {1 2225250219849230069} {1 1955787409171109064} {1 3205620750368874420} {1 6678405737169649361} {1 2695810562857550069} {1 5629903442572028917} {1 7862337008230626286} {1 7848230111078416657} {1 1259532632822358724} {1 2601868864139779940} {1 4967999264366496058} {1 8972763868840232561} {1 2991116599185468790} {1 3328321020337934845} {1 9095969682277853963} {1 8732055210586716948} {1 3178539314250378741} {1 114780375002440329} {1 1265453202334737513}]
2 adding [{1 5982870033121343905} {1 4303147301366317094}] to log [{0 <nil>} {1 8921644255367131471} {1 2997669266027195876} {1 991973570500402429} {1 7425117757477871428} {1 4360543435652837367} {1 148962114089557037} {1 602400228054179833} {1 4172803183277911578} {1 4887258034054391992} {1 1569823555941837321} {1 8365498693714155237} {1 2225250219849230069} {1 1955787409171109064} {1 3205620750368874420} {1 6678405737169649361} {1 2695810562857550069} {1 5629903442572028917} {1 7862337008230626286} {1 7848230111078416657} {1 1259532632822358724} {1 2601868864139779940} {1 4967999264366496058} {1 8972763868840232561} {1 2991116599185468790} {1 3328321020337934845} {1 9095969682277853963} {1 8732055210586716948} {1 3178539314250378741} {1 114780375002440329} {1 1265453202334737513} {1 3848896391141214707} {1 2872269949704812798} {1 8625516408918855030} {1 8113351726060171942} {1 7961703663358252066} {1 7115683250196120054} {1 2440842049917096916} {1 8439441465592983479} {1 2843118353952145701} {1 1459433465701414703} {1 4713346825050754292} {1 754344347214915224} {1 8148258008896889610} {1 2672550235045312055} {1 2291826398632756093} {1 7848484669708131300} {1 4572342799664159046} {1 9058651875261367209} {1 2831363489119843406}]
Server: 4 starting command is 2349554287651838140
0 adding [{5 2349554287651838140}] to log [{0 <nil>} {1 8921644255367131471}]
3 adding [{5 2349554287651838140}] to log [{0 <nil>} {1 8921644255367131471}]
Server: 4 starting command is 2349554287651838140
leader Server: 4, Time to commit Index: 2
Server: 4, matchIndex: [2 0 0 2 2], matchIndexCopy: [0 0 2 2 2], nextIndex: [3 2 2 3 2], log: [{0 <nil>} {1 8921644255367131471} {5 2349554287651838140} {5 2349554287651838140}], currentTerm: 5, majorityIndex : 2
0 adding [{5 2349554287651838140}] to log [{0 <nil>} {1 8921644255367131471} {5 2349554287651838140}]
0 commiting 2 in log [{0 <nil>} {1 8921644255367131471} {5 2349554287651838140} {5 2349554287651838140}]
3 adding [{5 2349554287651838140}] to log [{0 <nil>} {1 8921644255367131471} {5 2349554287651838140}]
3 commiting 2 in log [{0 <nil>} {1 8921644255367131471} {5 2349554287651838140} {5 2349554287651838140}]
Server: 0, Command: 2349554287651838140, CommandIndex: 2
Server: 4, Command: 2349554287651838140, CommandIndex: 2
Server: 3, Command: 2349554287651838140, CommandIndex: 2
Server: 4 starting command is 2349554287651838140
leader Server: 4, Time to commit Index: 3
Server: 4, matchIndex: [3 0 0 3 3], matchIndexCopy: [0 0 3 3 3], nextIndex: [4 2 2 4 2], log: [{0 <nil>} {1 8921644255367131471} {5 2349554287651838140} {5 2349554287651838140} {5 2349554287651838140}], currentTerm: 5, majorityIndex : 3
Server: 4, Command: 2349554287651838140, CommandIndex: 3
0 adding [{5 2349554287651838140}] to log [{0 <nil>} {1 8921644255367131471} {5 2349554287651838140} {5 2349554287651838140}]
3 adding [{5 2349554287651838140}] to log [{0 <nil>} {1 8921644255367131471} {5 2349554287651838140} {5 2349554287651838140}]
0 commiting 3 in log [{0 <nil>} {1 8921644255367131471} {5 2349554287651838140} {5 2349554287651838140} {5 2349554287651838140}]
Server: 0, Command: 2349554287651838140, CommandIndex: 3
3 commiting 3 in log [{0 <nil>} {1 8921644255367131471} {5 2349554287651838140} {5 2349554287651838140} {5 2349554287651838140}]
Server: 3, Command: 2349554287651838140, CommandIndex: 3
Server: 4 starting command is 2349554287651838140
leader Server: 4, Time to commit Index: 4
Server: 4, matchIndex: [4 0 0 4 4], matchIndexCopy: [0 0 4 4 4], nextIndex: [5 2 2 5 2], log: [{0 <nil>} {1 8921644255367131471} {5 2349554287651838140} {5 2349554287651838140} {5 2349554287651838140} {5 2349554287651838140}], currentTerm: 5, majorityIndex : 4
0 adding [{5 2349554287651838140}] to log [{0 <nil>} {1 8921644255367131471} {5 2349554287651838140} {5 2349554287651838140} {5 2349554287651838140}]
0 commiting 4 in log [{0 <nil>} {1 8921644255367131471} {5 2349554287651838140} {5 2349554287651838140} {5 2349554287651838140} {5 2349554287651838140}]
3 adding [{5 2349554287651838140}] to log [{0 <nil>} {1 8921644255367131471} {5 2349554287651838140} {5 2349554287651838140} {5 2349554287651838140}]
3 commiting 4 in log [{0 <nil>} {1 8921644255367131471} {5 2349554287651838140} {5 2349554287651838140} {5 2349554287651838140} {5 2349554287651838140}]
Server: 0, Command: 2349554287651838140, CommandIndex: 4
Server: 4, Command: 2349554287651838140, CommandIndex: 4
Server: 3, Command: 2349554287651838140, CommandIndex: 4
Server: 4 starting command is 2349554287651838140
leader Server: 4, Time to commit Index: 5
Server: 4, matchIndex: [5 0 0 5 5], matchIndexCopy: [0 0 5 5 5], nextIndex: [6 2 2 6 2], log: [{0 <nil>} {1 8921644255367131471} {5 2349554287651838140} {5 2349554287651838140} {5 2349554287651838140} {5 2349554287651838140} {5 2349554287651838140}], currentTerm: 5, majorityIndex : 5
0 adding [{5 2349554287651838140}] to log [{0 <nil>} {1 8921644255367131471} {5 2349554287651838140} {5 2349554287651838140} {5 2349554287651838140} {5 2349554287651838140}]
0 commiting 5 in log [{0 <nil>} {1 8921644255367131471} {5 2349554287651838140} {5 2349554287651838140} {5 2349554287651838140} {5 2349554287651838140} {5 2349554287651838140}]
Server: 4, Command: 2349554287651838140, CommandIndex: 5
3 adding [{5 2349554287651838140}] to log [{0 <nil>} {1 8921644255367131471} {5 2349554287651838140} {5 2349554287651838140} {5 2349554287651838140} {5 2349554287651838140}]
Server: 0, Command: 2349554287651838140, CommandIndex: 5
3 commiting 5 in log [{0 <nil>} {1 8921644255367131471} {5 2349554287651838140} {5 2349554287651838140} {5 2349554287651838140} {5 2349554287651838140} {5 2349554287651838140}]
Server: 3, Command: 2349554287651838140, CommandIndex: 5
--- FAIL: TestBackup2B (11.69s)
    config.go:615: one(2349554287651838140) failed to reach agreement
FAIL
exit status 1
FAIL	6.824/raft	11.731s
