Server: 0, Time to apply Index: 0, Highest Log Entry Applied to State Machines: 0
Server: 1, Time to apply Index: 0, Highest Log Entry Applied to State Machines: 0
Test (2C): partitioned leader and one follower crash, leader restarts ...
Server: 2, Time to apply Index: 0, Highest Log Entry Applied to State Machines: 0
Server: 0, Time to apply Index: 0, Highest Log Entry Applied to State Machines: 0
Server: 2, Time to apply Index: 0, Highest Log Entry Applied to State Machines: 0
Server: 1, Time to apply Index: 0, Highest Log Entry Applied to State Machines: 0
Server: 2, Time to apply Index: 0, Highest Log Entry Applied to State Machines: 0
Server: 0, Time to apply Index: 0, Highest Log Entry Applied to State Machines: 0
Server: 1, Time to apply Index: 0, Highest Log Entry Applied to State Machines: 0
Server: 0, Time to apply Index: 0, Highest Log Entry Applied to State Machines: 0
Server: 2, Time to apply Index: 0, Highest Log Entry Applied to State Machines: 0
Server: 1, Time to apply Index: 0, Highest Log Entry Applied to State Machines: 0
Server: 0, Time to apply Index: 0, Highest Log Entry Applied to State Machines: 0
Server: 2, Time to apply Index: 0, Highest Log Entry Applied to State Machines: 0
Server: 1, Time to apply Index: 0, Highest Log Entry Applied to State Machines: 0
Server: 0, Time to apply Index: 0, Highest Log Entry Applied to State Machines: 0
Server: 2, Time to apply Index: 0, Highest Log Entry Applied to State Machines: 0
Server: 1, Time to apply Index: 0, Highest Log Entry Applied to State Machines: 0
Server: 1, Time to apply Index: 0, Highest Log Entry Applied to State Machines: 0
Server: 0, Time to apply Index: 0, Highest Log Entry Applied to State Machines: 0
Server: 2, Time to apply Index: 0, Highest Log Entry Applied to State Machines: 0
Server: 1, Time to apply Index: 0, Highest Log Entry Applied to State Machines: 0
Server: 0, Time to apply Index: 0, Highest Log Entry Applied to State Machines: 0
Server: 2, Time to apply Index: 0, Highest Log Entry Applied to State Machines: 0
Server: 0, Time to apply Index: 0, Highest Log Entry Applied to State Machines: 0
Server: 1, Time to apply Index: 0, Highest Log Entry Applied to State Machines: 0
Server: 2, Time to apply Index: 0, Highest Log Entry Applied to State Machines: 0
Server: 1, Time to apply Index: 0, Highest Log Entry Applied to State Machines: 0
Server: 0, Time to apply Index: 0, Highest Log Entry Applied to State Machines: 0
Server: 2, Time to apply Index: 0, Highest Log Entry Applied to State Machines: 0
Server: 1, Time to apply Index: 0, Highest Log Entry Applied to State Machines: 0
Server: 0, Time to apply Index: 0, Highest Log Entry Applied to State Machines: 0
Server: 1, Time to apply Index: 0, Highest Log Entry Applied to State Machines: 0
Server: 2, Time to apply Index: 0, Highest Log Entry Applied to State Machines: 0
Server: 0, Time to apply Index: 0, Highest Log Entry Applied to State Machines: 0
Server: 1, Time to apply Index: 0, Highest Log Entry Applied to State Machines: 0
Server: 0, Time to apply Index: 0, Highest Log Entry Applied to State Machines: 0
Server: 2, Time to apply Index: 0, Highest Log Entry Applied to State Machines: 0
Server: 0, Time to apply Index: 0, Highest Log Entry Applied to State Machines: 0
Server: 2, Time to apply Index: 0, Highest Log Entry Applied to State Machines: 0
Server: 1, Time to apply Index: 0, Highest Log Entry Applied to State Machines: 0
Server: 2, Time to apply Index: 0, Highest Log Entry Applied to State Machines: 0
Server: 0, Time to apply Index: 0, Highest Log Entry Applied to State Machines: 0
Server: 1, Time to apply Index: 0, Highest Log Entry Applied to State Machines: 0
Server: 2, Time to apply Index: 0, Highest Log Entry Applied to State Machines: 0
Server: 1, Time to apply Index: 0, Highest Log Entry Applied to State Machines: 0
Server: 0, Time to apply Index: 0, Highest Log Entry Applied to State Machines: 0
Server: 1, Time to apply Index: 0, Highest Log Entry Applied to State Machines: 0
Server: 2, Time to apply Index: 0, Highest Log Entry Applied to State Machines: 0
Server: 0, Time to apply Index: 0, Highest Log Entry Applied to State Machines: 0
Server: 2, Time to apply Index: 0, Highest Log Entry Applied to State Machines: 0
Server: 1, Time to apply Index: 0, Highest Log Entry Applied to State Machines: 0
Server: 0, Time to apply Index: 0, Highest Log Entry Applied to State Machines: 0
Server: 2, Time to apply Index: 0, Highest Log Entry Applied to State Machines: 0
Server: 1, Time to apply Index: 0, Highest Log Entry Applied to State Machines: 0
Server: 0, Time to apply Index: 0, Highest Log Entry Applied to State Machines: 0
Server: 1, Time to apply Index: 0, Highest Log Entry Applied to State Machines: 0
Server:1 starting new elction, my log is [{0 <nil>}]
Server: 1 RequestVote From 0, log is [{0 <nil>}]
Server: 1 RequestVote From 2, log is [{0 <nil>}]
Server: 2, Time to apply Index: 0, Highest Log Entry Applied to State Machines: 0
Server: 0, Time to apply Index: 0, Highest Log Entry Applied to State Machines: 0
Server: 1, PreviousLogIndex arg: 0, PrevLogTerm arg: 0
Server: 1, Entries:[], Next Log Entry Index: 1
Server: 1, Sending Heartbeat Args: {1 1 0 0 [] 0}, Log State: [{0 <nil>}]
Server: 1, PreviousLogIndex arg: 0, PrevLogTerm arg: 0
Server: 1, Entries:[], Next Log Entry Index: 1
Server: 1, Sending Heartbeat Args: {1 1 0 0 [] 0}, Log State: [{0 <nil>}]
Server: 1, Time to apply Index: 0, Highest Log Entry Applied to State Machines: 0
Server: 0, Time to apply Index: 0, Highest Log Entry Applied to State Machines: 0
Server: 2, Time to apply Index: 0, Highest Log Entry Applied to State Machines: 0
Server: 1, Time to apply Index: 0, Highest Log Entry Applied to State Machines: 0
Server: 0, Time to apply Index: 0, Highest Log Entry Applied to State Machines: 0
Server: 2, Time to apply Index: 0, Highest Log Entry Applied to State Machines: 0
Server: 1, Time to apply Index: 0, Highest Log Entry Applied to State Machines: 0
Server: 2, Time to apply Index: 0, Highest Log Entry Applied to State Machines: 0
Server: 0, Time to apply Index: 0, Highest Log Entry Applied to State Machines: 0
Server: 1, Time to apply Index: 0, Highest Log Entry Applied to State Machines: 0
Server: 0, Time to apply Index: 0, Highest Log Entry Applied to State Machines: 0
Server: 2, Time to apply Index: 0, Highest Log Entry Applied to State Machines: 0
Server: 1, Time to apply Index: 0, Highest Log Entry Applied to State Machines: 0
Server: 1, PreviousLogIndex arg: 0, PrevLogTerm arg: 0
Server: 1, Entries:[{1 101}], Next Log Entry Index: 1
Server: 1, Sending Heartbeat Args: {1 1 0 0 [{1 101}] 0}, Log State: [{0 <nil>} {1 101}]
Server: 1, PreviousLogIndex arg: 0, PrevLogTerm arg: 0
Server: 1, Entries:[{1 101}], Next Log Entry Index: 1
Server: 1, Sending Heartbeat Args: {1 1 0 0 [{1 101}] 0}, Log State: [{0 <nil>} {1 101}]
Server: 0, Time to apply Index: 0, Highest Log Entry Applied to State Machines: 0
Server: 2, Time to apply Index: 0, Highest Log Entry Applied to State Machines: 0
Server: 1, Time to apply Index: 1, Highest Log Entry Applied to State Machines: 0
Applied Server: 1, Command: 101, CommandIndex: 1
Server: 0, Time to apply Index: 0, Highest Log Entry Applied to State Machines: 0
Server: 2, Time to apply Index: 0, Highest Log Entry Applied to State Machines: 0
Server: 1, Time to apply Index: 1, Highest Log Entry Applied to State Machines: 1
Server: 2, Time to apply Index: 0, Highest Log Entry Applied to State Machines: 0
Server: 0, Time to apply Index: 0, Highest Log Entry Applied to State Machines: 0
Server: 1, Time to apply Index: 1, Highest Log Entry Applied to State Machines: 1
Server: 1, Time to apply Index: 1, Highest Log Entry Applied to State Machines: 1
Server: 0, Time to apply Index: 0, Highest Log Entry Applied to State Machines: 0
Server: 2, Time to apply Index: 0, Highest Log Entry Applied to State Machines: 0
Server: 1, Time to apply Index: 1, Highest Log Entry Applied to State Machines: 1
Server: 1, PreviousLogIndex arg: 1, PrevLogTerm arg: 1
Server: 1, Entries:[], Next Log Entry Index: 2
Server: 1, Sending Heartbeat Args: {1 1 1 1 [] 1}, Log State: [{0 <nil>} {1 101}]
Server: 1, PreviousLogIndex arg: 1, PrevLogTerm arg: 1
Server: 1, Entries:[], Next Log Entry Index: 2
Server: 1, Sending Heartbeat Args: {1 1 1 1 [] 1}, Log State: [{0 <nil>} {1 101}]
Server: 0, Time to apply Index: 0, Highest Log Entry Applied to State Machines: 0
Server: 2, Time to apply Index: 1, Highest Log Entry Applied to State Machines: 0
Applied Server: 2, Command: 101, CommandIndex: 1
Server: 1, Time to apply Index: 1, Highest Log Entry Applied to State Machines: 1
Server: 0, Time to apply Index: 1, Highest Log Entry Applied to State Machines: 0
Applied Server: 0, Command: 101, CommandIndex: 1
Server: 2, Time to apply Index: 1, Highest Log Entry Applied to State Machines: 1
Server: 1, Time to apply Index: 1, Highest Log Entry Applied to State Machines: 1
Server: 2, Time to apply Index: 1, Highest Log Entry Applied to State Machines: 1
Server: 0, Time to apply Index: 1, Highest Log Entry Applied to State Machines: 1
Server: 1, Time to apply Index: 1, Highest Log Entry Applied to State Machines: 1
Server: 0, Time to apply Index: 1, Highest Log Entry Applied to State Machines: 1
Server: 2, Time to apply Index: 1, Highest Log Entry Applied to State Machines: 1
Server: 1, Time to apply Index: 1, Highest Log Entry Applied to State Machines: 1
Server: 0, Time to apply Index: 1, Highest Log Entry Applied to State Machines: 1
Server: 2, Time to apply Index: 1, Highest Log Entry Applied to State Machines: 1
Server: 1, Time to apply Index: 1, Highest Log Entry Applied to State Machines: 1
Server: 0, Time to apply Index: 1, Highest Log Entry Applied to State Machines: 1
Server: 2, Time to apply Index: 1, Highest Log Entry Applied to State Machines: 1
Server: 1, Time to apply Index: 1, Highest Log Entry Applied to State Machines: 1
Server: 0, Time to apply Index: 1, Highest Log Entry Applied to State Machines: 1
Server: 2, Time to apply Index: 1, Highest Log Entry Applied to State Machines: 1
Server: 1, Time to apply Index: 1, Highest Log Entry Applied to State Machines: 1
Server: 1, Time to apply Index: 1, Highest Log Entry Applied to State Machines: 1
Server: 0, Time to apply Index: 1, Highest Log Entry Applied to State Machines: 1
Server: 2, Time to apply Index: 1, Highest Log Entry Applied to State Machines: 1
Server: 1, Time to apply Index: 1, Highest Log Entry Applied to State Machines: 1
Server: 2, Time to apply Index: 1, Highest Log Entry Applied to State Machines: 1
Server: 0, Time to apply Index: 1, Highest Log Entry Applied to State Machines: 1
Server: 1, PreviousLogIndex arg: 1, PrevLogTerm arg: 1
Server: 1, Entries:[], Next Log Entry Index: 2
Server: 1, Sending Heartbeat Args: {1 1 1 1 [] 1}, Log State: [{0 <nil>} {1 101}]
Server: 1, PreviousLogIndex arg: 1, PrevLogTerm arg: 1
Server: 1, Entries:[], Next Log Entry Index: 2
Server: 1, Sending Heartbeat Args: {1 1 1 1 [] 1}, Log State: [{0 <nil>} {1 101}]
Server: 1, Time to apply Index: 1, Highest Log Entry Applied to State Machines: 1
Server: 2, Time to apply Index: 1, Highest Log Entry Applied to State Machines: 1
Server: 0, Time to apply Index: 1, Highest Log Entry Applied to State Machines: 1
Server: 1, Time to apply Index: 1, Highest Log Entry Applied to State Machines: 1
Server: 0, Time to apply Index: 1, Highest Log Entry Applied to State Machines: 1
Server: 2, Time to apply Index: 1, Highest Log Entry Applied to State Machines: 1
Server: 1, Time to apply Index: 1, Highest Log Entry Applied to State Machines: 1
Server: 0, Time to apply Index: 1, Highest Log Entry Applied to State Machines: 1
Server: 2, Time to apply Index: 1, Highest Log Entry Applied to State Machines: 1
Server: 1, Time to apply Index: 1, Highest Log Entry Applied to State Machines: 1
Server: 0, Time to apply Index: 1, Highest Log Entry Applied to State Machines: 1
Server: 2, Time to apply Index: 1, Highest Log Entry Applied to State Machines: 1
Server: 1, Time to apply Index: 1, Highest Log Entry Applied to State Machines: 1
Server: 0, Time to apply Index: 1, Highest Log Entry Applied to State Machines: 1
Server: 2, Time to apply Index: 1, Highest Log Entry Applied to State Machines: 1
Server: 1, Time to apply Index: 1, Highest Log Entry Applied to State Machines: 1
Server: 0, Time to apply Index: 1, Highest Log Entry Applied to State Machines: 1
Server: 1, Time to apply Index: 1, Highest Log Entry Applied to State Machines: 1
Server: 2, Time to apply Index: 1, Highest Log Entry Applied to State Machines: 1
Server: 0, Time to apply Index: 1, Highest Log Entry Applied to State Machines: 1
Server: 1, Time to apply Index: 1, Highest Log Entry Applied to State Machines: 1
Server: 2, Time to apply Index: 1, Highest Log Entry Applied to State Machines: 1
Server: 0, Time to apply Index: 1, Highest Log Entry Applied to State Machines: 1
Server: 1, Time to apply Index: 1, Highest Log Entry Applied to State Machines: 1
Server: 2, Time to apply Index: 1, Highest Log Entry Applied to State Machines: 1
Server: 1, Time to apply Index: 1, Highest Log Entry Applied to State Machines: 1
Server: 0, Time to apply Index: 1, Highest Log Entry Applied to State Machines: 1
Server: 2, Time to apply Index: 1, Highest Log Entry Applied to State Machines: 1
Server: 1, PreviousLogIndex arg: 1, PrevLogTerm arg: 1
Server: 1, Entries:[], Next Log Entry Index: 2
Server: 1, Sending Heartbeat Args: {1 1 1 1 [] 1}, Log State: [{0 <nil>} {1 101}]
Server: 1, PreviousLogIndex arg: 1, PrevLogTerm arg: 1
Server: 1, Entries:[], Next Log Entry Index: 2
Server: 1, Sending Heartbeat Args: {1 1 1 1 [] 1}, Log State: [{0 <nil>} {1 101}]
Server: 1, Time to apply Index: 1, Highest Log Entry Applied to State Machines: 1
Server: 0, Time to apply Index: 1, Highest Log Entry Applied to State Machines: 1
Server: 2, Time to apply Index: 1, Highest Log Entry Applied to State Machines: 1
Server: 1, Time to apply Index: 1, Highest Log Entry Applied to State Machines: 1
Server: 0, Time to apply Index: 1, Highest Log Entry Applied to State Machines: 1
Server: 2, Time to apply Index: 1, Highest Log Entry Applied to State Machines: 1
Server: 1, Time to apply Index: 1, Highest Log Entry Applied to State Machines: 1
Server: 0, Time to apply Index: 1, Highest Log Entry Applied to State Machines: 1
Server: 2, Time to apply Index: 1, Highest Log Entry Applied to State Machines: 1
Server: 1, Time to apply Index: 1, Highest Log Entry Applied to State Machines: 1
Server: 0, Time to apply Index: 1, Highest Log Entry Applied to State Machines: 1
Server: 2, Time to apply Index: 1, Highest Log Entry Applied to State Machines: 1
Server: 1, Time to apply Index: 1, Highest Log Entry Applied to State Machines: 1
Server: 0, Time to apply Index: 1, Highest Log Entry Applied to State Machines: 1
Server: 1, Time to apply Index: 1, Highest Log Entry Applied to State Machines: 1
Server: 2, Time to apply Index: 1, Highest Log Entry Applied to State Machines: 1
Server: 0, Time to apply Index: 1, Highest Log Entry Applied to State Machines: 1
Server: 1, Time to apply Index: 1, Highest Log Entry Applied to State Machines: 1
Server: 2, Time to apply Index: 1, Highest Log Entry Applied to State Machines: 1
Server: 0, Time to apply Index: 1, Highest Log Entry Applied to State Machines: 1
Server: 1, Time to apply Index: 1, Highest Log Entry Applied to State Machines: 1
Server: 2, Time to apply Index: 1, Highest Log Entry Applied to State Machines: 1
Server: 0, Time to apply Index: 1, Highest Log Entry Applied to State Machines: 1
Server: 1, Time to apply Index: 1, Highest Log Entry Applied to State Machines: 1
Server: 2, Time to apply Index: 1, Highest Log Entry Applied to State Machines: 1
Server: 0, Time to apply Index: 1, Highest Log Entry Applied to State Machines: 1
Server: 1, Time to apply Index: 1, Highest Log Entry Applied to State Machines: 1
Server: 1, PreviousLogIndex arg: 1, PrevLogTerm arg: 1
Server: 1, Entries:[], Next Log Entry Index: 2
Server: 1, Sending Heartbeat Args: {1 1 1 1 [] 1}, Log State: [{0 <nil>} {1 101}]
Server: 1, PreviousLogIndex arg: 1, PrevLogTerm arg: 1
Server: 1, Entries:[], Next Log Entry Index: 2
Server: 1, Sending Heartbeat Args: {1 1 1 1 [] 1}, Log State: [{0 <nil>} {1 101}]
Server: 2, Time to apply Index: 1, Highest Log Entry Applied to State Machines: 1
Server: 1, Time to apply Index: 1, Highest Log Entry Applied to State Machines: 1
Server: 0, Time to apply Index: 1, Highest Log Entry Applied to State Machines: 1
Server: 2, Time to apply Index: 1, Highest Log Entry Applied to State Machines: 1
Server: 1, Time to apply Index: 1, Highest Log Entry Applied to State Machines: 1
Server: 0, Time to apply Index: 1, Highest Log Entry Applied to State Machines: 1
Server: 2, Time to apply Index: 1, Highest Log Entry Applied to State Machines: 1
Server: 1, Time to apply Index: 1, Highest Log Entry Applied to State Machines: 1
Server: 0, Time to apply Index: 1, Highest Log Entry Applied to State Machines: 1
Server: 2, Time to apply Index: 1, Highest Log Entry Applied to State Machines: 1
Server: 1, Time to apply Index: 1, Highest Log Entry Applied to State Machines: 1
Server: 0, Time to apply Index: 1, Highest Log Entry Applied to State Machines: 1
Server: 2, Time to apply Index: 1, Highest Log Entry Applied to State Machines: 1
Server: 1, Time to apply Index: 1, Highest Log Entry Applied to State Machines: 1
Server: 0, Time to apply Index: 1, Highest Log Entry Applied to State Machines: 1
Server: 2, Time to apply Index: 1, Highest Log Entry Applied to State Machines: 1
Server: 1, Time to apply Index: 1, Highest Log Entry Applied to State Machines: 1
Server: 0, Time to apply Index: 1, Highest Log Entry Applied to State Machines: 1
Server: 2, Time to apply Index: 1, Highest Log Entry Applied to State Machines: 1
Server: 1, Time to apply Index: 1, Highest Log Entry Applied to State Machines: 1
Server: 0, Time to apply Index: 1, Highest Log Entry Applied to State Machines: 1
Server: 1, Time to apply Index: 1, Highest Log Entry Applied to State Machines: 1
Server: 2, Time to apply Index: 1, Highest Log Entry Applied to State Machines: 1
Server: 0, Time to apply Index: 1, Highest Log Entry Applied to State Machines: 1
Server: 1, Time to apply Index: 1, Highest Log Entry Applied to State Machines: 1
Server: 2, Time to apply Index: 1, Highest Log Entry Applied to State Machines: 1
Server: 1, PreviousLogIndex arg: 1, PrevLogTerm arg: 1
Server: 1, Entries:[], Next Log Entry Index: 2
Server: 1, Sending Heartbeat Args: {1 1 1 1 [] 1}, Log State: [{0 <nil>} {1 101}]
Server: 1, PreviousLogIndex arg: 1, PrevLogTerm arg: 1
Server: 1, Entries:[], Next Log Entry Index: 2
Server: 1, Sending Heartbeat Args: {1 1 1 1 [] 1}, Log State: [{0 <nil>} {1 101}]
Server: 0, Time to apply Index: 1, Highest Log Entry Applied to State Machines: 1
Server: 1, Time to apply Index: 1, Highest Log Entry Applied to State Machines: 1
Server: 2, Time to apply Index: 1, Highest Log Entry Applied to State Machines: 1
Server: 0, Time to apply Index: 1, Highest Log Entry Applied to State Machines: 1
Server: 1, Time to apply Index: 1, Highest Log Entry Applied to State Machines: 1
Server: 2, Time to apply Index: 1, Highest Log Entry Applied to State Machines: 1
Server: 1, Time to apply Index: 1, Highest Log Entry Applied to State Machines: 1
Server: 2, Time to apply Index: 1, Highest Log Entry Applied to State Machines: 1
Server: 0, Time to apply Index: 1, Highest Log Entry Applied to State Machines: 1
Server: 1, Time to apply Index: 1, Highest Log Entry Applied to State Machines: 1
Server: 2, Time to apply Index: 1, Highest Log Entry Applied to State Machines: 1
Server: 0, Time to apply Index: 1, Highest Log Entry Applied to State Machines: 1
Server: 1, Time to apply Index: 1, Highest Log Entry Applied to State Machines: 1
Server: 2, Time to apply Index: 1, Highest Log Entry Applied to State Machines: 1
Server: 0, Time to apply Index: 1, Highest Log Entry Applied to State Machines: 1
Server: 1, Time to apply Index: 1, Highest Log Entry Applied to State Machines: 1
Server: 2, Time to apply Index: 1, Highest Log Entry Applied to State Machines: 1
Server: 1, Time to apply Index: 1, Highest Log Entry Applied to State Machines: 1
Server: 0, Time to apply Index: 1, Highest Log Entry Applied to State Machines: 1
Server: 2, Time to apply Index: 1, Highest Log Entry Applied to State Machines: 1
Server: 1, Time to apply Index: 1, Highest Log Entry Applied to State Machines: 1
Server: 0, Time to apply Index: 1, Highest Log Entry Applied to State Machines: 1
Server: 1, PreviousLogIndex arg: 1, PrevLogTerm arg: 1
Server: 1, Entries:[{1 102}], Next Log Entry Index: 2
Server: 1, Sending Heartbeat Args: {1 1 1 1 [{1 102}] 1}, Log State: [{0 <nil>} {1 101} {1 102}]
Server: 1, PreviousLogIndex arg: 1, PrevLogTerm arg: 1
Server: 1, Entries:[{1 102}], Next Log Entry Index: 2
Server: 1, Sending Heartbeat Args: {1 1 1 1 [{1 102}] 1}, Log State: [{0 <nil>} {1 101} {1 102}]
Server: 1, Time to apply Index: 2, Highest Log Entry Applied to State Machines: 1
Applied Server: 1, Command: 102, CommandIndex: 2
Server: 2, Time to apply Index: 1, Highest Log Entry Applied to State Machines: 1
Server: 0, Time to apply Index: 1, Highest Log Entry Applied to State Machines: 1
Server: 1, Time to apply Index: 2, Highest Log Entry Applied to State Machines: 2
Server: 1, PreviousLogIndex arg: 1, PrevLogTerm arg: 1
Server: 1, Entries:[{1 102}], Next Log Entry Index: 2
Server: 1, Sending Heartbeat Args: {1 1 1 1 [{1 102}] 2}, Log State: [{0 <nil>} {1 101} {1 102}]
Server: 1, PreviousLogIndex arg: 2, PrevLogTerm arg: 1
Server: 1, Entries:[], Next Log Entry Index: 3
Server: 1, Sending Heartbeat Args: {1 1 2 1 [] 2}, Log State: [{0 <nil>} {1 101} {1 102}]
Server: 2, Time to apply Index: 1, Highest Log Entry Applied to State Machines: 1
Server: 0, Time to apply Index: 1, Highest Log Entry Applied to State Machines: 1
Server: 1, Time to apply Index: 2, Highest Log Entry Applied to State Machines: 2
Server: 2, Time to apply Index: 2, Highest Log Entry Applied to State Machines: 1
Applied Server: 2, Command: 102, CommandIndex: 2
Server: 0, Time to apply Index: 1, Highest Log Entry Applied to State Machines: 1
Server: 1, Time to apply Index: 2, Highest Log Entry Applied to State Machines: 2
Server: 2, Time to apply Index: 2, Highest Log Entry Applied to State Machines: 2
Server: 0, Time to apply Index: 1, Highest Log Entry Applied to State Machines: 1
Server: 1, Time to apply Index: 0, Highest Log Entry Applied to State Machines: 0
Server: 0, Time to apply Index: 1, Highest Log Entry Applied to State Machines: 1
Server: 1, Time to apply Index: 0, Highest Log Entry Applied to State Machines: 0
Server: 0, Time to apply Index: 1, Highest Log Entry Applied to State Machines: 1
Server: 1, Time to apply Index: 0, Highest Log Entry Applied to State Machines: 0
Server: 0, Time to apply Index: 1, Highest Log Entry Applied to State Machines: 1
Server: 1, Time to apply Index: 0, Highest Log Entry Applied to State Machines: 0
Server: 0, Time to apply Index: 1, Highest Log Entry Applied to State Machines: 1
Server: 1, Time to apply Index: 0, Highest Log Entry Applied to State Machines: 0
Server: 0, Time to apply Index: 1, Highest Log Entry Applied to State Machines: 1
Server: 1, Time to apply Index: 0, Highest Log Entry Applied to State Machines: 0
Server: 0, Time to apply Index: 1, Highest Log Entry Applied to State Machines: 1
Server: 1, Time to apply Index: 0, Highest Log Entry Applied to State Machines: 0
Server: 0, Time to apply Index: 1, Highest Log Entry Applied to State Machines: 1
Server: 1, Time to apply Index: 0, Highest Log Entry Applied to State Machines: 0
Server: 0, Time to apply Index: 1, Highest Log Entry Applied to State Machines: 1
Server: 1, Time to apply Index: 0, Highest Log Entry Applied to State Machines: 0
Server: 0, Time to apply Index: 1, Highest Log Entry Applied to State Machines: 1
Server: 1, Time to apply Index: 0, Highest Log Entry Applied to State Machines: 0
Server: 0, Time to apply Index: 1, Highest Log Entry Applied to State Machines: 1
Server: 1, Time to apply Index: 0, Highest Log Entry Applied to State Machines: 0
Server:0 starting new elction, my log is [{0 <nil>} {1 101}]
Server: 0, Time to apply Index: 1, Highest Log Entry Applied to State Machines: 1
Server: 0 RequestVote From 1, log is [{0 <nil>} {1 101}]
Server: 0 RequestVote From 2, log is [{0 <nil>} {1 101}]
Server: 1, Time to apply Index: 0, Highest Log Entry Applied to State Machines: 0
Server: 0, Time to apply Index: 1, Highest Log Entry Applied to State Machines: 1
Server: 1, Time to apply Index: 0, Highest Log Entry Applied to State Machines: 0
Server: 0, Time to apply Index: 1, Highest Log Entry Applied to State Machines: 1
Server: 1, Time to apply Index: 0, Highest Log Entry Applied to State Machines: 0
Server: 0, Time to apply Index: 1, Highest Log Entry Applied to State Machines: 1
Server: 1, Time to apply Index: 0, Highest Log Entry Applied to State Machines: 0
Server: 0, Time to apply Index: 1, Highest Log Entry Applied to State Machines: 1
Server: 1, Time to apply Index: 0, Highest Log Entry Applied to State Machines: 0
Server: 0, Time to apply Index: 1, Highest Log Entry Applied to State Machines: 1
Server: 1, Time to apply Index: 0, Highest Log Entry Applied to State Machines: 0
Server: 1, Time to apply Index: 0, Highest Log Entry Applied to State Machines: 0
Server: 0, Time to apply Index: 1, Highest Log Entry Applied to State Machines: 1
Server: 1, Time to apply Index: 0, Highest Log Entry Applied to State Machines: 0
Server: 0, Time to apply Index: 1, Highest Log Entry Applied to State Machines: 1
Server: 1, Time to apply Index: 0, Highest Log Entry Applied to State Machines: 0
Server: 0, Time to apply Index: 1, Highest Log Entry Applied to State Machines: 1
Server:1 starting new elction, my log is [{0 <nil>} {1 101} {1 102}]
Server: 1 RequestVote From 0, log is [{0 <nil>} {1 101} {1 102}]
Server: 1 RequestVote From 2, log is [{0 <nil>} {1 101} {1 102}]
Server: 1, PreviousLogIndex arg: 2, PrevLogTerm arg: 1
Server: 1, Entries:[], Next Log Entry Index: 3
Server: 1, Sending Heartbeat Args: {3 1 2 1 [] 0}, Log State: [{0 <nil>} {1 101} {1 102}]
Server: 1, PreviousLogIndex arg: 2, PrevLogTerm arg: 1
Server: 1, Entries:[], Next Log Entry Index: 3
Server: 1, Sending Heartbeat Args: {3 1 2 1 [] 0}, Log State: [{0 <nil>} {1 101} {1 102}]
Server: 1, Time to apply Index: 0, Highest Log Entry Applied to State Machines: 0
Server: 0, Time to apply Index: 1, Highest Log Entry Applied to State Machines: 1
Server: 1, Time to apply Index: 0, Highest Log Entry Applied to State Machines: 0
Server: 0, Time to apply Index: 1, Highest Log Entry Applied to State Machines: 1
Server: 1, Time to apply Index: 0, Highest Log Entry Applied to State Machines: 0
Server: 0, Time to apply Index: 1, Highest Log Entry Applied to State Machines: 1
Server: 1, Time to apply Index: 0, Highest Log Entry Applied to State Machines: 0
Server: 1, PreviousLogIndex arg: 1, PrevLogTerm arg: 1
Server: 1, Entries:[{1 102} {3 103}], Next Log Entry Index: 2
Server: 1, Sending Heartbeat Args: {3 1 1 1 [{1 102} {3 103}] 0}, Log State: [{0 <nil>} {1 101} {1 102} {3 103}]
Server: 1, PreviousLogIndex arg: 2, PrevLogTerm arg: 1
Server: 1, Entries:[{3 103}], Next Log Entry Index: 3
Server: 1, Sending Heartbeat Args: {3 1 2 1 [{3 103}] 0}, Log State: [{0 <nil>} {1 101} {1 102} {3 103}]
Server: 0, Time to apply Index: 1, Highest Log Entry Applied to State Machines: 1
Server: 1, Time to apply Index: 3, Highest Log Entry Applied to State Machines: 0
Applied Server: 1, Command: 101, CommandIndex: 1
Server: 0, Time to apply Index: 1, Highest Log Entry Applied to State Machines: 1
Server: 1, Time to apply Index: 3, Highest Log Entry Applied to State Machines: 1
Applied Server: 1, Command: 102, CommandIndex: 2
Server: 0, Time to apply Index: 1, Highest Log Entry Applied to State Machines: 1
Server: 1, Time to apply Index: 3, Highest Log Entry Applied to State Machines: 2
Applied Server: 1, Command: 103, CommandIndex: 3
Server: 0, Time to apply Index: 1, Highest Log Entry Applied to State Machines: 1
Server: 1, Time to apply Index: 3, Highest Log Entry Applied to State Machines: 3
Server: 0, Time to apply Index: 1, Highest Log Entry Applied to State Machines: 1
Server: 1, Time to apply Index: 3, Highest Log Entry Applied to State Machines: 3
Server: 1, Time to apply Index: 3, Highest Log Entry Applied to State Machines: 3
Server: 0, Time to apply Index: 1, Highest Log Entry Applied to State Machines: 1
Server: 1, PreviousLogIndex arg: 3, PrevLogTerm arg: 3
Server: 1, Entries:[], Next Log Entry Index: 4
Server: 1, Sending Heartbeat Args: {3 1 3 3 [] 3}, Log State: [{0 <nil>} {1 101} {1 102} {3 103}]
Server: 1, PreviousLogIndex arg: 2, PrevLogTerm arg: 1
Server: 1, Entries:[{3 103}], Next Log Entry Index: 3
Server: 1, Sending Heartbeat Args: {3 1 2 1 [{3 103}] 3}, Log State: [{0 <nil>} {1 101} {1 102} {3 103}]
Server: 1, Time to apply Index: 3, Highest Log Entry Applied to State Machines: 3
Server: 0, Time to apply Index: 3, Highest Log Entry Applied to State Machines: 1
Applied Server: 0, Command: 102, CommandIndex: 2
Server: 1, Time to apply Index: 3, Highest Log Entry Applied to State Machines: 3
Server: 0, Time to apply Index: 3, Highest Log Entry Applied to State Machines: 2
Applied Server: 0, Command: 103, CommandIndex: 3
Server: 1, Time to apply Index: 3, Highest Log Entry Applied to State Machines: 3
Server: 0, Time to apply Index: 3, Highest Log Entry Applied to State Machines: 3
Server: 1, Time to apply Index: 3, Highest Log Entry Applied to State Machines: 3
Server: 2, Time to apply Index: 0, Highest Log Entry Applied to State Machines: 0
Server: 1, PreviousLogIndex arg: 3, PrevLogTerm arg: 3
Server: 1, Entries:[{3 104}], Next Log Entry Index: 4
Server: 1, Sending Heartbeat Args: {3 1 3 3 [{3 104}] 3}, Log State: [{0 <nil>} {1 101} {1 102} {3 103} {3 104}]
Server: 1, PreviousLogIndex arg: 2, PrevLogTerm arg: 1
Server: 1, Entries:[{3 103} {3 104}], Next Log Entry Index: 3
Server: 1, Sending Heartbeat Args: {3 1 2 1 [{3 103} {3 104}] 3}, Log State: [{0 <nil>} {1 101} {1 102} {3 103} {3 104}]
Server: 0, Time to apply Index: 3, Highest Log Entry Applied to State Machines: 3
Server: 1, Time to apply Index: 4, Highest Log Entry Applied to State Machines: 3
Applied Server: 1, Command: 104, CommandIndex: 4
Server: 2, Time to apply Index: 3, Highest Log Entry Applied to State Machines: 0
Applied Server: 2, Command: 101, CommandIndex: 1
Server: 0, Time to apply Index: 3, Highest Log Entry Applied to State Machines: 3
Server: 1, Time to apply Index: 4, Highest Log Entry Applied to State Machines: 4
Server: 2, Time to apply Index: 3, Highest Log Entry Applied to State Machines: 1
Applied Server: 2, Command: 102, CommandIndex: 2
Server: 0, Time to apply Index: 3, Highest Log Entry Applied to State Machines: 3
Server: 1, Time to apply Index: 4, Highest Log Entry Applied to State Machines: 4
Server: 2, Time to apply Index: 3, Highest Log Entry Applied to State Machines: 2
Applied Server: 2, Command: 103, CommandIndex: 3
Server: 0, Time to apply Index: 3, Highest Log Entry Applied to State Machines: 3
Server: 1, Time to apply Index: 4, Highest Log Entry Applied to State Machines: 4
Server: 2, Time to apply Index: 3, Highest Log Entry Applied to State Machines: 3
Server: 0, Time to apply Index: 3, Highest Log Entry Applied to State Machines: 3
Server: 1, Time to apply Index: 4, Highest Log Entry Applied to State Machines: 4
Server: 2, Time to apply Index: 3, Highest Log Entry Applied to State Machines: 3
Server: 1, Time to apply Index: 4, Highest Log Entry Applied to State Machines: 4
Server: 0, Time to apply Index: 3, Highest Log Entry Applied to State Machines: 3
Server: 1, PreviousLogIndex arg: 4, PrevLogTerm arg: 3
Server: 1, Entries:[], Next Log Entry Index: 5
Server: 1, Sending Heartbeat Args: {3 1 4 3 [] 4}, Log State: [{0 <nil>} {1 101} {1 102} {3 103} {3 104}]
Server: 1, PreviousLogIndex arg: 4, PrevLogTerm arg: 3
Server: 1, Entries:[], Next Log Entry Index: 5
Server: 1, Sending Heartbeat Args: {3 1 4 3 [] 4}, Log State: [{0 <nil>} {1 101} {1 102} {3 103} {3 104}]
Server: 2, Time to apply Index: 4, Highest Log Entry Applied to State Machines: 3
Applied Server: 2, Command: 104, CommandIndex: 4
Server: 1, Time to apply Index: 4, Highest Log Entry Applied to State Machines: 4
Server: 0, Time to apply Index: 4, Highest Log Entry Applied to State Machines: 3
Applied Server: 0, Command: 104, CommandIndex: 4
Server: 2, Time to apply Index: 4, Highest Log Entry Applied to State Machines: 4
Server: 1, Time to apply Index: 4, Highest Log Entry Applied to State Machines: 4
  ... Passed --   1.3  3   34    8511    4
Server: 0, Time to apply Index: 4, Highest Log Entry Applied to State Machines: 4
PASS
ok  	6.824/raft	1.333s
