Test (2B): basic agreement ...
  ... Passed --   0.5  3   16    4632    3
Test (2B): RPC byte count ...
  ... Passed --   1.3  3   48  114724   11
Test (2B): agreement after follower reconnects ...
  ... Passed --   3.4  3   98   25439    7
Test (2B): no agreement if too many followers disconnect ...
--- FAIL: TestFailNoAgree2B (2.25s)
    config.go:609: one(10) failed to reach agreement
Test (2B): concurrent Start()s ...
  ... Passed --   0.6  3   22    6817    6
Test (2B): rejoin of partitioned leader ...
  ... Passed --   3.9  3  150   36488    4
Test (2B): leader backs up quickly over incorrect follower logs ...
  ... Passed --  17.0  5 2280 1612559  103
Test (2B): RPC counts aren't too high ...
  ... Passed --   2.2  3   68   22553   12
FAIL
exit status 1
FAIL	6.824/raft	31.132s
