Test (2C): basic persistence ...
  ... Passed --   3.2  3   78   20335    6
Test (2C): more persistence ...
  ... Passed --  15.1  5  976  201698   16
Test (2C): partitioned leader and one follower crash, leader restarts ...
  ... Passed --   1.4  3   34    8515    4
Test (2C): Figure 8 ...
  ... Passed --  37.8  5 1532  332640   76
Test (2C): unreliable agreement ...
  ... Passed --   7.8  5 1264  409199  247
Test (2C): Figure 8 (unreliable) ...
--- FAIL: TestFigure8Unreliable2C (70.46s)
    config.go:609: one(2993) failed to reach agreement
Test (2C): churn ...
  ... Passed --  24.4  5 2536 1095585  356
Test (2C): unreliable churn ...
--- FAIL: TestUnreliableChurn2C (26.62s)
    config.go:609: one(3181539892988507226) failed to reach agreement
FAIL
exit status 1
FAIL	6.824/raft	186.734s
